{"level":"info","message":"User 452f226d-879b-4744-a275-0f5087f32e6c reacted to post 7788fcb2-dc06-4dd4-a4a1-cabcfca718da","timestamp":"2025-09-02 22:14:19"}
{"level":"info","message":"User 452f226d-879b-4744-a275-0f5087f32e6c reacted to reel 595265bc-c14d-4902-aff9-587091a595d9","timestamp":"2025-09-02 22:17:38"}
{"level":"info","message":"User 452f226d-879b-4744-a275-0f5087f32e6c removed reaction from reel 595265bc-c14d-4902-aff9-587091a595d9","timestamp":"2025-09-02 22:17:38"}
{"level":"info","message":"User 452f226d-879b-4744-a275-0f5087f32e6c reacted to reel 595265bc-c14d-4902-aff9-587091a595d9","timestamp":"2025-09-02 22:17:40"}
{"level":"info","message":"User 452f226d-879b-4744-a275-0f5087f32e6c reacted to reel 595265bc-c14d-4902-aff9-587091a595d9","timestamp":"2025-09-02 22:17:43"}
{"level":"info","message":"User 452f226d-879b-4744-a275-0f5087f32e6c reacted to reel 595265bc-c14d-4902-aff9-587091a595d9","timestamp":"2025-09-02 22:17:44"}
{"level":"info","message":"User 452f226d-879b-4744-a275-0f5087f32e6c removed reaction from reel 595265bc-c14d-4902-aff9-587091a595d9","timestamp":"2025-09-02 22:17:45"}
{"level":"info","message":"User 452f226d-879b-4744-a275-0f5087f32e6c reacted to comment 536335a1-c8a0-4498-bc3d-80284536ad95","timestamp":"2025-09-02 22:18:02"}
{"level":"info","message":"User 452f226d-879b-4744-a275-0f5087f32e6c reacted to comment bacdc763-8559-40e4-8705-a4de8ef91246","timestamp":"2025-09-02 22:18:02"}
{"level":"info","message":"User 452f226d-879b-4744-a275-0f5087f32e6c removed reaction from comment bacdc763-8559-40e4-8705-a4de8ef91246","timestamp":"2025-09-02 22:18:03"}
{"level":"info","message":"User 452f226d-879b-4744-a275-0f5087f32e6c removed reaction from comment 536335a1-c8a0-4498-bc3d-80284536ad95","timestamp":"2025-09-02 22:18:04"}
{"level":"info","message":"User 452f226d-879b-4744-a275-0f5087f32e6c reacted to post 7788fcb2-dc06-4dd4-a4a1-cabcfca718da","timestamp":"2025-09-02 22:18:46"}
{"level":"info","message":"User 452f226d-879b-4744-a275-0f5087f32e6c reacted to post 7788fcb2-dc06-4dd4-a4a1-cabcfca718da","timestamp":"2025-09-02 22:18:48"}
{"level":"info","message":"User 452f226d-879b-4744-a275-0f5087f32e6c reacted to post 7788fcb2-dc06-4dd4-a4a1-cabcfca718da","timestamp":"2025-09-02 22:18:51"}
{"level":"info","message":"User 452f226d-879b-4744-a275-0f5087f32e6c reacted to post 7788fcb2-dc06-4dd4-a4a1-cabcfca718da","timestamp":"2025-09-02 22:18:54"}
{"level":"info","message":"User 452f226d-879b-4744-a275-0f5087f32e6c reacted to post 7788fcb2-dc06-4dd4-a4a1-cabcfca718da","timestamp":"2025-09-02 22:18:56"}
{"level":"info","message":"Recorded view for reel 595265bc-c14d-4902-aff9-587091a595d9 by user 452f226d-879b-4744-a275-0f5087f32e6c","timestamp":"2025-09-02 22:19:13"}
{"level":"info","message":"User 452f226d-879b-4744-a275-0f5087f32e6c reacted to comment bacdc763-8559-40e4-8705-a4de8ef91246","timestamp":"2025-09-02 22:19:17"}
{"level":"info","message":"User 452f226d-879b-4744-a275-0f5087f32e6c reacted to comment 536335a1-c8a0-4498-bc3d-80284536ad95","timestamp":"2025-09-02 22:19:18"}
{"level":"info","message":"User 452f226d-879b-4744-a275-0f5087f32e6c reacted to reel 595265bc-c14d-4902-aff9-587091a595d9","timestamp":"2025-09-02 22:19:58"}
{"level":"info","message":"Recorded view for reel 595265bc-c14d-4902-aff9-587091a595d9 by user 452f226d-879b-4744-a275-0f5087f32e6c","timestamp":"2025-09-02 22:20:05"}
{"level":"info","message":"User 452f226d-879b-4744-a275-0f5087f32e6c reacted to post 7788fcb2-dc06-4dd4-a4a1-cabcfca718da","timestamp":"2025-09-02 22:20:24"}
{"level":"info","message":"User 452f226d-879b-4744-a275-0f5087f32e6c reacted to reel 595265bc-c14d-4902-aff9-587091a595d9","timestamp":"2025-09-02 22:29:42"}
{"level":"info","message":"Recorded view for reel 595265bc-c14d-4902-aff9-587091a595d9 by user 452f226d-879b-4744-a275-0f5087f32e6c","timestamp":"2025-09-02 22:29:44"}
{"level":"info","message":"User 452f226d-879b-4744-a275-0f5087f32e6c reacted to comment bacdc763-8559-40e4-8705-a4de8ef91246","timestamp":"2025-09-02 22:29:46"}
{"level":"info","message":"User 452f226d-879b-4744-a275-0f5087f32e6c reacted to comment 536335a1-c8a0-4498-bc3d-80284536ad95","timestamp":"2025-09-02 22:29:48"}
{"level":"info","message":"User 452f226d-879b-4744-a275-0f5087f32e6c reacted to story 4a4de2f9-44e1-4d8d-b297-df5766dbff70","timestamp":"2025-09-02 22:45:45"}
{"level":"info","message":"User 452f226d-879b-4744-a275-0f5087f32e6c reacted to story 4a4de2f9-44e1-4d8d-b297-df5766dbff70","timestamp":"2025-09-02 22:45:51"}
{"level":"info","message":"User 452f226d-879b-4744-a275-0f5087f32e6c reacted to post 7788fcb2-dc06-4dd4-a4a1-cabcfca718da","timestamp":"2025-09-02 22:51:25"}
{"level":"info","message":"User 452f226d-879b-4744-a275-0f5087f32e6c removed reaction from post 7788fcb2-dc06-4dd4-a4a1-cabcfca718da","timestamp":"2025-09-02 23:00:30"}
{"level":"info","message":"User 452f226d-879b-4744-a275-0f5087f32e6c reacted to post 7788fcb2-dc06-4dd4-a4a1-cabcfca718da","timestamp":"2025-09-02 23:00:31"}
{"level":"info","message":"User 452f226d-879b-4744-a275-0f5087f32e6c reacted to post 7788fcb2-dc06-4dd4-a4a1-cabcfca718da","timestamp":"2025-09-02 23:02:19"}
{"level":"info","message":"User 452f226d-879b-4744-a275-0f5087f32e6c removed reaction from post 7788fcb2-dc06-4dd4-a4a1-cabcfca718da","timestamp":"2025-09-02 23:02:24"}
{"level":"info","message":"Recorded view for reel 595265bc-c14d-4902-aff9-587091a595d9 by user 452f226d-879b-4744-a275-0f5087f32e6c","timestamp":"2025-09-02 23:03:09"}
{"level":"info","message":"User 452f226d-879b-4744-a275-0f5087f32e6c reacted to post 7788fcb2-dc06-4dd4-a4a1-cabcfca718da","timestamp":"2025-09-02 23:24:28"}
{"level":"info","message":"User 452f226d-879b-4744-a275-0f5087f32e6c reacted to comment d1f7ed84-1530-4fd7-b4a7-bc2a5d60f25f","timestamp":"2025-09-02 23:24:38"}
{"level":"info","message":"User 452f226d-879b-4744-a275-0f5087f32e6c reacted to comment e8de0eec-ab66-4b3d-a858-3529103d9ad7","timestamp":"2025-09-02 23:24:41"}
{"level":"info","message":"User 452f226d-879b-4744-a275-0f5087f32e6c reacted to comment bacdc763-8559-40e4-8705-a4de8ef91246","timestamp":"2025-09-02 23:25:01"}
{"level":"info","message":"User 452f226d-879b-4744-a275-0f5087f32e6c removed reaction from comment bacdc763-8559-40e4-8705-a4de8ef91246","timestamp":"2025-09-02 23:25:02"}
{"level":"info","message":"User 452f226d-879b-4744-a275-0f5087f32e6c removed reaction from comment d1f7ed84-1530-4fd7-b4a7-bc2a5d60f25f","timestamp":"2025-09-02 23:32:42"}
{"level":"info","message":"User 452f226d-879b-4744-a275-0f5087f32e6c reacted to comment d1f7ed84-1530-4fd7-b4a7-bc2a5d60f25f","timestamp":"2025-09-02 23:32:43"}
{"level":"info","message":"User 452f226d-879b-4744-a275-0f5087f32e6c removed reaction from comment e8de0eec-ab66-4b3d-a858-3529103d9ad7","timestamp":"2025-09-02 23:32:45"}
{"level":"info","message":"User 452f226d-879b-4744-a275-0f5087f32e6c reacted to comment e8de0eec-ab66-4b3d-a858-3529103d9ad7","timestamp":"2025-09-02 23:32:46"}
{"level":"info","message":"Recorded view for reel 595265bc-c14d-4902-aff9-587091a595d9 by user 452f226d-879b-4744-a275-0f5087f32e6c","timestamp":"2025-09-02 23:32:51"}
{"level":"info","message":"User 452f226d-879b-4744-a275-0f5087f32e6c reacted to comment bacdc763-8559-40e4-8705-a4de8ef91246","timestamp":"2025-09-02 23:32:54"}
{"level":"info","message":"User 452f226d-879b-4744-a275-0f5087f32e6c removed reaction from comment bacdc763-8559-40e4-8705-a4de8ef91246","timestamp":"2025-09-02 23:32:55"}
{"level":"info","message":"User 452f226d-879b-4744-a275-0f5087f32e6c reacted to comment bacdc763-8559-40e4-8705-a4de8ef91246","timestamp":"2025-09-02 23:33:11"}
{"level":"info","message":"Recorded view for reel 595265bc-c14d-4902-aff9-587091a595d9 by user 452f226d-879b-4744-a275-0f5087f32e6c","timestamp":"2025-09-02 23:33:40"}
{"level":"info","message":"User 452f226d-879b-4744-a275-0f5087f32e6c removed reaction from reel 595265bc-c14d-4902-aff9-587091a595d9","timestamp":"2025-09-02 23:33:40"}
{"level":"info","message":"User 452f226d-879b-4744-a275-0f5087f32e6c reacted to reel 595265bc-c14d-4902-aff9-587091a595d9","timestamp":"2025-09-02 23:33:41"}
{"level":"info","message":"User 452f226d-879b-4744-a275-0f5087f32e6c reacted to comment bacdc763-8559-40e4-8705-a4de8ef91246","timestamp":"2025-09-02 23:33:56"}
{"level":"info","message":"Recorded view for reel 595265bc-c14d-4902-aff9-587091a595d9 by user 452f226d-879b-4744-a275-0f5087f32e6c","timestamp":"2025-09-02 23:36:43"}
{"level":"info","message":"User 452f226d-879b-4744-a275-0f5087f32e6c removed reaction from reel 595265bc-c14d-4902-aff9-587091a595d9","timestamp":"2025-09-02 23:36:43"}
{"level":"info","message":"User 452f226d-879b-4744-a275-0f5087f32e6c reacted to reel 595265bc-c14d-4902-aff9-587091a595d9","timestamp":"2025-09-02 23:36:44"}
{"level":"info","message":"User 452f226d-879b-4744-a275-0f5087f32e6c reacted to comment bacdc763-8559-40e4-8705-a4de8ef91246","timestamp":"2025-09-02 23:36:46"}
{"level":"info","message":"User 452f226d-879b-4744-a275-0f5087f32e6c removed reaction from comment bacdc763-8559-40e4-8705-a4de8ef91246","timestamp":"2025-09-02 23:36:46"}
{"level":"info","message":"User 452f226d-879b-4744-a275-0f5087f32e6c reacted to comment bacdc763-8559-40e4-8705-a4de8ef91246","timestamp":"2025-09-02 23:36:47"}
{"level":"info","message":"User 452f226d-879b-4744-a275-0f5087f32e6c removed reaction from comment 536335a1-c8a0-4498-bc3d-80284536ad95","timestamp":"2025-09-02 23:36:48"}
{"level":"info","message":"User 452f226d-879b-4744-a275-0f5087f32e6c reacted to comment 536335a1-c8a0-4498-bc3d-80284536ad95","timestamp":"2025-09-02 23:36:49"}
{"level":"info","message":"User 452f226d-879b-4744-a275-0f5087f32e6c removed reaction from comment bacdc763-8559-40e4-8705-a4de8ef91246","timestamp":"2025-09-02 23:37:16"}
{"level":"info","message":"User 452f226d-879b-4744-a275-0f5087f32e6c reacted to comment bacdc763-8559-40e4-8705-a4de8ef91246","timestamp":"2025-09-02 23:37:17"}
{"level":"info","message":"Added comment to reel 595265bc-c14d-4902-aff9-587091a595d9 by user 452f226d-879b-4744-a275-0f5087f32e6c","timestamp":"2025-09-02 23:37:51"}
{"level":"error","message":"Error getting reactions: invalid input syntax for type uuid: \"d1vvmo6la6s\"","timestamp":"2025-09-02 23:37:51"}
{"level":"info","message":"Added comment to reel 595265bc-c14d-4902-aff9-587091a595d9 by user 452f226d-879b-4744-a275-0f5087f32e6c","timestamp":"2025-09-02 23:37:59"}
{"level":"error","message":"Error getting reactions: invalid input syntax for type uuid: \"bcpfub1b1ku\"","timestamp":"2025-09-02 23:37:59"}
{"level":"error","message":"Error getting reactions: invalid input syntax for type uuid: \"d1vvmo6la6s\"","timestamp":"2025-09-02 23:37:59"}
{"level":"error","message":"Error getting reactions: invalid input syntax for type uuid: \"bcpfub1b1ku\"","timestamp":"2025-09-02 23:38:03"}
{"level":"error","message":"Error adding reaction: invalid input syntax for type uuid: \"bcpfub1b1ku\"","timestamp":"2025-09-02 23:38:03"}
{"level":"error","message":"Error getting reactions: invalid input syntax for type uuid: \"bcpfub1b1ku\"","timestamp":"2025-09-02 23:38:04"}
{"level":"error","message":"Error adding reaction: invalid input syntax for type uuid: \"bcpfub1b1ku\"","timestamp":"2025-09-02 23:38:04"}
{"level":"error","message":"Error getting reactions: invalid input syntax for type uuid: \"d1vvmo6la6s\"","timestamp":"2025-09-02 23:38:05"}
{"level":"error","message":"Error adding reaction: invalid input syntax for type uuid: \"d1vvmo6la6s\"","timestamp":"2025-09-02 23:38:05"}
{"level":"info","message":"Recorded view for reel 595265bc-c14d-4902-aff9-587091a595d9 by user 452f226d-879b-4744-a275-0f5087f32e6c","timestamp":"2025-09-02 23:38:08"}
{"level":"error","message":"Error getting reactions: invalid input syntax for type uuid: \"bcpfub1b1ku\"","timestamp":"2025-09-02 23:38:09"}
{"level":"error","message":"Error getting reactions: invalid input syntax for type uuid: \"d1vvmo6la6s\"","timestamp":"2025-09-02 23:38:09"}
{"level":"info","message":"User 452f226d-879b-4744-a275-0f5087f32e6c reacted to comment ce90115e-cfe5-4e13-a914-e09a87761689","timestamp":"2025-09-02 23:38:10"}
{"level":"info","message":"User 452f226d-879b-4744-a275-0f5087f32e6c reacted to comment d196fc4a-0d6d-4207-9d74-7c90198cd576","timestamp":"2025-09-02 23:38:11"}
{"level":"info","message":"Added comment to reel 595265bc-c14d-4902-aff9-587091a595d9 by user 452f226d-879b-4744-a275-0f5087f32e6c","timestamp":"2025-09-02 23:38:27"}
{"level":"error","message":"Error getting reactions: invalid input syntax for type uuid: \"igukzsyxj4e\"","timestamp":"2025-09-02 23:38:27"}
{"level":"info","message":"User 452f226d-879b-4744-a275-0f5087f32e6c removed reaction from post 7788fcb2-dc06-4dd4-a4a1-cabcfca718da","timestamp":"2025-09-02 23:40:50"}
{"level":"info","message":"User 452f226d-879b-4744-a275-0f5087f32e6c reacted to post 7788fcb2-dc06-4dd4-a4a1-cabcfca718da","timestamp":"2025-09-02 23:40:51"}
{"level":"info","message":"User 452f226d-879b-4744-a275-0f5087f32e6c removed reaction from post 7788fcb2-dc06-4dd4-a4a1-cabcfca718da","timestamp":"2025-09-02 23:40:51"}
{"level":"info","message":"User 452f226d-879b-4744-a275-0f5087f32e6c reacted to post 7788fcb2-dc06-4dd4-a4a1-cabcfca718da","timestamp":"2025-09-02 23:40:53"}
{"level":"info","message":"User 452f226d-879b-4744-a275-0f5087f32e6c reacted to post 7788fcb2-dc06-4dd4-a4a1-cabcfca718da","timestamp":"2025-09-02 23:40:54"}
{"level":"info","message":"User 452f226d-879b-4744-a275-0f5087f32e6c removed reaction from post 7788fcb2-dc06-4dd4-a4a1-cabcfca718da","timestamp":"2025-09-02 23:40:58"}
{"level":"info","message":"User 452f226d-879b-4744-a275-0f5087f32e6c reacted to post 7788fcb2-dc06-4dd4-a4a1-cabcfca718da","timestamp":"2025-09-02 23:40:59"}
{"level":"info","message":"User 452f226d-879b-4744-a275-0f5087f32e6c reacted to post 7788fcb2-dc06-4dd4-a4a1-cabcfca718da","timestamp":"2025-09-02 23:41:01"}
{"level":"error","message":"Error getting reactions: invalid input syntax for type uuid: \"h0mzd6prkn\"","timestamp":"2025-09-02 23:41:27"}
{"level":"info","message":"User 452f226d-879b-4744-a275-0f5087f32e6c reacted to comment e619a1d5-475e-4ba4-8c63-3aeaeda89169","timestamp":"2025-09-02 23:43:59"}
{"level":"info","message":"User 452f226d-879b-4744-a275-0f5087f32e6c removed reaction from comment e619a1d5-475e-4ba4-8c63-3aeaeda89169","timestamp":"2025-09-02 23:44:00"}
{"level":"info","message":"User 452f226d-879b-4744-a275-0f5087f32e6c reacted to comment e619a1d5-475e-4ba4-8c63-3aeaeda89169","timestamp":"2025-09-02 23:44:41"}
{"level":"info","message":"User 452f226d-879b-4744-a275-0f5087f32e6c removed reaction from comment e619a1d5-475e-4ba4-8c63-3aeaeda89169","timestamp":"2025-09-02 23:44:42"}
{"level":"info","message":"User 452f226d-879b-4744-a275-0f5087f32e6c reacted to comment 0b39fe62-ccab-49af-a16a-1c7b7748ffb5","timestamp":"2025-09-02 23:44:44"}
{"level":"info","message":"User 452f226d-879b-4744-a275-0f5087f32e6c removed reaction from comment 0b39fe62-ccab-49af-a16a-1c7b7748ffb5","timestamp":"2025-09-02 23:44:45"}
{"level":"info","message":"User 452f226d-879b-4744-a275-0f5087f32e6c removed reaction from comment d1f7ed84-1530-4fd7-b4a7-bc2a5d60f25f","timestamp":"2025-09-02 23:47:04"}
{"level":"info","message":"User 452f226d-879b-4744-a275-0f5087f32e6c reacted to comment d1f7ed84-1530-4fd7-b4a7-bc2a5d60f25f","timestamp":"2025-09-02 23:47:04"}
{"level":"info","message":"User 452f226d-879b-4744-a275-0f5087f32e6c reacted to story 3f5717b3-e024-46b0-a8c5-d16026e777c6","timestamp":"2025-09-03 11:46:45"}
{"level":"info","message":"User 452f226d-879b-4744-a275-0f5087f32e6c removed reaction from story 3f5717b3-e024-46b0-a8c5-d16026e777c6","timestamp":"2025-09-03 11:51:09"}
{"level":"info","message":"User 452f226d-879b-4744-a275-0f5087f32e6c reacted to story 3f5717b3-e024-46b0-a8c5-d16026e777c6","timestamp":"2025-09-03 11:51:10"}
{"level":"info","message":"User 452f226d-879b-4744-a275-0f5087f32e6c reacted to story 3f5717b3-e024-46b0-a8c5-d16026e777c6","timestamp":"2025-09-03 11:51:12"}
{"level":"info","message":"User 452f226d-879b-4744-a275-0f5087f32e6c reacted to story 3f5717b3-e024-46b0-a8c5-d16026e777c6","timestamp":"2025-09-03 11:51:13"}
{"level":"info","message":"User 452f226d-879b-4744-a275-0f5087f32e6c removed reaction from reel 595265bc-c14d-4902-aff9-587091a595d9","timestamp":"2025-09-03 14:11:54"}
{"level":"info","message":"User 452f226d-879b-4744-a275-0f5087f32e6c reacted to reel 595265bc-c14d-4902-aff9-587091a595d9","timestamp":"2025-09-03 14:11:55"}
{"level":"info","message":"User 452f226d-879b-4744-a275-0f5087f32e6c reacted to reel 595265bc-c14d-4902-aff9-587091a595d9","timestamp":"2025-09-03 14:11:59"}
{"level":"info","message":"User 452f226d-879b-4744-a275-0f5087f32e6c reacted to comment 8f354ab1-5ee6-4ffe-b04f-e57242da1951","timestamp":"2025-09-03 14:12:02"}
{"level":"info","message":"Recorded view for reel 595265bc-c14d-4902-aff9-587091a595d9 by user 452f226d-879b-4744-a275-0f5087f32e6c","timestamp":"2025-12-21 18:11:28"}
{"level":"info","message":"Recorded view for reel 595265bc-c14d-4902-aff9-587091a595d9 by user 452f226d-879b-4744-a275-0f5087f32e6c","timestamp":"2025-12-21 18:13:02"}
{"level":"info","message":"Recorded view for reel 595265bc-c14d-4902-aff9-587091a595d9 by user 452f226d-879b-4744-a275-0f5087f32e6c","timestamp":"2025-12-21 18:21:19"}
{"level":"info","message":"Recorded view for reel 595265bc-c14d-4902-aff9-587091a595d9 by user 452f226d-879b-4744-a275-0f5087f32e6c","timestamp":"2025-12-21 18:27:53"}
{"level":"info","message":"Recorded view for reel 595265bc-c14d-4902-aff9-587091a595d9 by user 452f226d-879b-4744-a275-0f5087f32e6c","timestamp":"2025-12-21 18:29:09"}
{"level":"info","message":"Recorded view for reel 595265bc-c14d-4902-aff9-587091a595d9 by user 452f226d-879b-4744-a275-0f5087f32e6c","timestamp":"2025-12-21 18:48:56"}
{"level":"info","message":"Recorded view for reel 595265bc-c14d-4902-aff9-587091a595d9 by user 452f226d-879b-4744-a275-0f5087f32e6c","timestamp":"2026-02-03 22:55:51"}
{"level":"info","message":"Recorded view for reel 595265bc-c14d-4902-aff9-587091a595d9 by user 452f226d-879b-4744-a275-0f5087f32e6c","timestamp":"2026-02-03 23:01:19"}
{"level":"info","message":"User 452f226d-879b-4744-a275-0f5087f32e6c removed reaction from post 7788fcb2-dc06-4dd4-a4a1-cabcfca718da","timestamp":"2026-02-03 23:01:33"}
{"level":"info","message":"Recorded view for reel 595265bc-c14d-4902-aff9-587091a595d9 by user 452f226d-879b-4744-a275-0f5087f32e6c","timestamp":"2026-02-03 23:01:33"}
{"level":"info","message":"Recorded view for reel 595265bc-c14d-4902-aff9-587091a595d9 by user 452f226d-879b-4744-a275-0f5087f32e6c","timestamp":"2026-02-03 23:01:40"}
{"level":"info","message":"Recorded view for reel 595265bc-c14d-4902-aff9-587091a595d9 by user 452f226d-879b-4744-a275-0f5087f32e6c","timestamp":"2026-02-03 23:02:04"}
{"level":"info","message":"Recorded view for reel 595265bc-c14d-4902-aff9-587091a595d9 by user 452f226d-879b-4744-a275-0f5087f32e6c","timestamp":"2026-02-07 22:33:39"}
{"level":"info","message":"User 452f226d-879b-4744-a275-0f5087f32e6c reacted to comment 0b39fe62-ccab-49af-a16a-1c7b7748ffb5","timestamp":"2026-02-07 22:49:19"}
{"level":"info","message":"User 452f226d-879b-4744-a275-0f5087f32e6c reacted to comment e619a1d5-475e-4ba4-8c63-3aeaeda89169","timestamp":"2026-02-07 22:49:20"}
{"level":"info","message":"User 452f226d-879b-4744-a275-0f5087f32e6c reacted to comment e619a1d5-475e-4ba4-8c63-3aeaeda89169","timestamp":"2026-02-07 22:49:25"}
{"level":"info","message":"User 452f226d-879b-4744-a275-0f5087f32e6c reacted to post 873c0ca7-c95c-4917-8ea5-cf5eceb8e961","timestamp":"2026-02-07 22:49:32"}
{"level":"info","message":"User 452f226d-879b-4744-a275-0f5087f32e6c reacted to post 7788fcb2-dc06-4dd4-a4a1-cabcfca718da","timestamp":"2026-02-07 22:49:38"}
{"level":"info","message":"User 452f226d-879b-4744-a275-0f5087f32e6c removed reaction from reel 595265bc-c14d-4902-aff9-587091a595d9","timestamp":"2026-02-07 22:49:47"}
{"level":"info","message":"User 452f226d-879b-4744-a275-0f5087f32e6c reacted to reel 595265bc-c14d-4902-aff9-587091a595d9","timestamp":"2026-02-07 22:49:47"}
{"level":"info","message":"User 452f226d-879b-4744-a275-0f5087f32e6c removed reaction from reel 595265bc-c14d-4902-aff9-587091a595d9","timestamp":"2026-02-07 22:49:48"}
{"level":"info","message":"Recorded view for reel 595265bc-c14d-4902-aff9-587091a595d9 by user 452f226d-879b-4744-a275-0f5087f32e6c","timestamp":"2026-02-07 22:49:56"}
{"level":"info","message":"Recorded view for reel 595265bc-c14d-4902-aff9-587091a595d9 by user 452f226d-879b-4744-a275-0f5087f32e6c","timestamp":"2026-02-07 22:49:59"}
{"level":"info","message":"Recorded view for reel 595265bc-c14d-4902-aff9-587091a595d9 by user 452f226d-879b-4744-a275-0f5087f32e6c","timestamp":"2026-02-07 22:57:46"}
{"level":"info","message":"Recorded view for reel 595265bc-c14d-4902-aff9-587091a595d9 by user 452f226d-879b-4744-a275-0f5087f32e6c","timestamp":"2026-02-07 23:04:52"}
{"level":"info","message":"Recorded view for reel 595265bc-c14d-4902-aff9-587091a595d9 by user a6dbe610-1821-4631-8df8-ec26e347c7af","timestamp":"2026-02-08 18:53:06"}
{"level":"info","message":"Recorded view for reel 595265bc-c14d-4902-aff9-587091a595d9 by user a6dbe610-1821-4631-8df8-ec26e347c7af","timestamp":"2026-02-08 18:53:11"}
{"level":"error","message":"Error adding reaction: Error in notifications.create: new row for relation \"notifications\" violates check constraint \"chk_notifications_type\"","timestamp":"2026-02-08 18:53:18"}
{"level":"error","message":"Error adding reaction: Error in notifications.create: new row for relation \"notifications\" violates check constraint \"chk_notifications_type\"","timestamp":"2026-02-08 18:53:20"}
{"level":"info","message":"Recorded view for reel 595265bc-c14d-4902-aff9-587091a595d9 by user a6dbe610-1821-4631-8df8-ec26e347c7af","timestamp":"2026-02-08 18:54:12"}
{"level":"info","message":"Recorded view for reel 595265bc-c14d-4902-aff9-587091a595d9 by user a6dbe610-1821-4631-8df8-ec26e347c7af","timestamp":"2026-02-08 18:54:29"}
{"level":"info","message":"Recorded view for reel 595265bc-c14d-4902-aff9-587091a595d9 by user a6dbe610-1821-4631-8df8-ec26e347c7af","timestamp":"2026-02-08 18:54:59"}
{"level":"info","message":"Recorded view for reel 595265bc-c14d-4902-aff9-587091a595d9 by user a6dbe610-1821-4631-8df8-ec26e347c7af","timestamp":"2026-02-08 18:55:06"}
{"level":"info","message":"Recorded view for reel 595265bc-c14d-4902-aff9-587091a595d9 by user a6dbe610-1821-4631-8df8-ec26e347c7af","timestamp":"2026-02-08 18:55:40"}
{"level":"info","message":"Recorded view for reel 595265bc-c14d-4902-aff9-587091a595d9 by user a6dbe610-1821-4631-8df8-ec26e347c7af","timestamp":"2026-02-08 18:56:25"}
{"level":"error","message":"Error adding reaction: Error in notifications.create: new row for relation \"notifications\" violates check constraint \"chk_notifications_type\"","timestamp":"2026-02-08 18:56:28"}
{"level":"error","message":"Error adding reaction: Error in notifications.create: new row for relation \"notifications\" violates check constraint \"chk_notifications_type\"","timestamp":"2026-02-08 19:01:25"}
{"level":"error","message":"Error adding reaction: Error in notifications.create: new row for relation \"notifications\" violates check constraint \"chk_notifications_type\"","timestamp":"2026-02-08 19:01:29"}
{"level":"error","message":"Error adding reaction: Error in notifications.create: new row for relation \"notifications\" violates check constraint \"chk_notifications_type\"","timestamp":"2026-02-08 19:01:31"}
{"level":"error","message":"Error adding reaction: Error in notifications.create: new row for relation \"notifications\" violates check constraint \"chk_notifications_type\"","timestamp":"2026-02-08 19:01:44"}
{"level":"error","message":"Error adding reaction: Error in notifications.create: new row for relation \"notifications\" violates check constraint \"chk_notifications_type\"","timestamp":"2026-02-08 19:03:02"}
{"level":"error","message":"Error adding reaction: Error in notifications.create: new row for relation \"notifications\" violates check constraint \"chk_notifications_type\"","timestamp":"2026-02-08 19:03:04"}
{"level":"error","message":"Error adding reaction: Error in notifications.create: new row for relation \"notifications\" violates check constraint \"chk_notifications_type\"","timestamp":"2026-02-08 19:03:11"}
{"level":"info","message":"User a6dbe610-1821-4631-8df8-ec26e347c7af removed reaction from comment d1f7ed84-1530-4fd7-b4a7-bc2a5d60f25f","timestamp":"2026-02-08 19:03:15"}
{"level":"error","message":"Error adding reaction: Error in notifications.create: new row for relation \"notifications\" violates check constraint \"chk_notifications_type\"","timestamp":"2026-02-08 19:03:16"}
{"level":"info","message":"User a6dbe610-1821-4631-8df8-ec26e347c7af reacted to comment e619a1d5-475e-4ba4-8c63-3aeaeda89169","timestamp":"2026-02-08 19:03:36"}
{"level":"info","message":"User a6dbe610-1821-4631-8df8-ec26e347c7af reacted to comment d1f7ed84-1530-4fd7-b4a7-bc2a5d60f25f","timestamp":"2026-02-08 19:03:37"}
{"level":"info","message":"User a6dbe610-1821-4631-8df8-ec26e347c7af reacted to post 7788fcb2-dc06-4dd4-a4a1-cabcfca718da","timestamp":"2026-02-08 19:03:40"}
{"level":"info","message":"User a6dbe610-1821-4631-8df8-ec26e347c7af reacted to post 873c0ca7-c95c-4917-8ea5-cf5eceb8e961","timestamp":"2026-02-08 19:03:42"}
{"level":"info","message":"Recorded view for reel 595265bc-c14d-4902-aff9-587091a595d9 by user a6dbe610-1821-4631-8df8-ec26e347c7af","timestamp":"2026-02-08 19:03:44"}
{"level":"info","message":"User a6dbe610-1821-4631-8df8-ec26e347c7af removed reaction from reel 595265bc-c14d-4902-aff9-587091a595d9","timestamp":"2026-02-08 19:03:44"}
{"level":"info","message":"User a6dbe610-1821-4631-8df8-ec26e347c7af reacted to reel 595265bc-c14d-4902-aff9-587091a595d9","timestamp":"2026-02-08 19:03:45"}
{"level":"info","message":"User a6dbe610-1821-4631-8df8-ec26e347c7af removed reaction from reel 595265bc-c14d-4902-aff9-587091a595d9","timestamp":"2026-02-08 19:03:46"}
{"level":"info","message":"User a6dbe610-1821-4631-8df8-ec26e347c7af reacted to comment 8f354ab1-5ee6-4ffe-b04f-e57242da1951","timestamp":"2026-02-08 19:03:49"}
{"level":"info","message":"User a6dbe610-1821-4631-8df8-ec26e347c7af reacted to comment 8f354ab1-5ee6-4ffe-b04f-e57242da1951","timestamp":"2026-02-08 19:03:53"}
{"level":"info","message":"Recorded view for reel 595265bc-c14d-4902-aff9-587091a595d9 by user a6dbe610-1821-4631-8df8-ec26e347c7af","timestamp":"2026-02-08 19:05:00"}
{"level":"info","message":"Recorded view for reel 595265bc-c14d-4902-aff9-587091a595d9 by user a6dbe610-1821-4631-8df8-ec26e347c7af","timestamp":"2026-02-08 19:24:36"}
{"level":"info","message":"Recorded view for reel 595265bc-c14d-4902-aff9-587091a595d9 by user a6dbe610-1821-4631-8df8-ec26e347c7af","timestamp":"2026-02-08 19:24:40"}
{"level":"info","message":"Recorded view for reel 595265bc-c14d-4902-aff9-587091a595d9 by user a6dbe610-1821-4631-8df8-ec26e347c7af","timestamp":"2026-02-08 19:24:42"}
{"level":"info","message":"Recorded view for reel 595265bc-c14d-4902-aff9-587091a595d9 by user a6dbe610-1821-4631-8df8-ec26e347c7af","timestamp":"2026-02-08 19:24:44"}
{"level":"info","message":"Recorded view for reel 595265bc-c14d-4902-aff9-587091a595d9 by user a6dbe610-1821-4631-8df8-ec26e347c7af","timestamp":"2026-02-08 19:25:59"}
{"level":"info","message":"Recorded view for reel 595265bc-c14d-4902-aff9-587091a595d9 by user a6dbe610-1821-4631-8df8-ec26e347c7af","timestamp":"2026-02-08 19:27:17"}
{"level":"info","message":"Recorded view for reel 595265bc-c14d-4902-aff9-587091a595d9 by user 452f226d-879b-4744-a275-0f5087f32e6c","timestamp":"2026-02-08 19:28:14"}
{"level":"info","message":"Recorded view for reel 595265bc-c14d-4902-aff9-587091a595d9 by user 452f226d-879b-4744-a275-0f5087f32e6c","timestamp":"2026-02-08 19:35:00"}
{"level":"info","message":"Recorded view for reel 595265bc-c14d-4902-aff9-587091a595d9 by user 452f226d-879b-4744-a275-0f5087f32e6c","timestamp":"2026-02-08 19:35:42"}
{"level":"info","message":"Recorded view for reel 595265bc-c14d-4902-aff9-587091a595d9 by user 452f226d-879b-4744-a275-0f5087f32e6c","timestamp":"2026-02-08 19:48:19"}
{"level":"info","message":"Recorded view for reel 595265bc-c14d-4902-aff9-587091a595d9 by user 452f226d-879b-4744-a275-0f5087f32e6c","timestamp":"2026-02-08 19:54:23"}
{"level":"info","message":"Recorded view for reel 595265bc-c14d-4902-aff9-587091a595d9 by user 452f226d-879b-4744-a275-0f5087f32e6c","timestamp":"2026-02-08 19:55:02"}
{"level":"info","message":"Recorded view for reel 595265bc-c14d-4902-aff9-587091a595d9 by user 452f226d-879b-4744-a275-0f5087f32e6c","timestamp":"2026-02-08 19:55:12"}
{"level":"info","message":"User 452f226d-879b-4744-a275-0f5087f32e6c reacted to reel 595265bc-c14d-4902-aff9-587091a595d9","timestamp":"2026-02-08 19:55:13"}
{"level":"info","message":"Recorded view for reel 595265bc-c14d-4902-aff9-587091a595d9 by user 452f226d-879b-4744-a275-0f5087f32e6c","timestamp":"2026-02-08 20:06:38"}
{"level":"info","message":"Recorded view for reel 595265bc-c14d-4902-aff9-587091a595d9 by user 452f226d-879b-4744-a275-0f5087f32e6c","timestamp":"2026-02-08 20:07:59"}
{"level":"info","message":"Recorded view for reel 595265bc-c14d-4902-aff9-587091a595d9 by user 452f226d-879b-4744-a275-0f5087f32e6c","timestamp":"2026-02-08 20:09:26"}
{"level":"info","message":"Recorded view for reel 595265bc-c14d-4902-aff9-587091a595d9 by user 452f226d-879b-4744-a275-0f5087f32e6c","timestamp":"2026-02-08 20:16:20"}
{"level":"info","message":"Recorded view for reel 595265bc-c14d-4902-aff9-587091a595d9 by user 452f226d-879b-4744-a275-0f5087f32e6c","timestamp":"2026-02-08 20:20:04"}
{"level":"info","message":"Recorded view for reel 595265bc-c14d-4902-aff9-587091a595d9 by user 452f226d-879b-4744-a275-0f5087f32e6c","timestamp":"2026-02-08 23:17:31"}
{"level":"info","message":"Recorded view for reel 595265bc-c14d-4902-aff9-587091a595d9 by user 452f226d-879b-4744-a275-0f5087f32e6c","timestamp":"2026-02-08 23:18:26"}
{"level":"info","message":"User 452f226d-879b-4744-a275-0f5087f32e6c removed reaction from post 873c0ca7-c95c-4917-8ea5-cf5eceb8e961","timestamp":"2026-02-08 23:22:44"}
{"level":"info","message":"User 452f226d-879b-4744-a275-0f5087f32e6c reacted to post 873c0ca7-c95c-4917-8ea5-cf5eceb8e961","timestamp":"2026-02-08 23:22:44"}
{"level":"info","message":"User 452f226d-879b-4744-a275-0f5087f32e6c reacted to post 7788fcb2-dc06-4dd4-a4a1-cabcfca718da","timestamp":"2026-02-08 23:25:05"}
{"level":"info","message":"User 452f226d-879b-4744-a275-0f5087f32e6c removed reaction from post 7788fcb2-dc06-4dd4-a4a1-cabcfca718da","timestamp":"2026-02-08 23:25:06"}
{"level":"info","message":"User 452f226d-879b-4744-a275-0f5087f32e6c reacted to post 7788fcb2-dc06-4dd4-a4a1-cabcfca718da","timestamp":"2026-02-08 23:25:07"}
{"level":"info","message":"User 452f226d-879b-4744-a275-0f5087f32e6c removed reaction from post 7788fcb2-dc06-4dd4-a4a1-cabcfca718da","timestamp":"2026-02-08 23:25:19"}
{"level":"info","message":"User 452f226d-879b-4744-a275-0f5087f32e6c reacted to post 7788fcb2-dc06-4dd4-a4a1-cabcfca718da","timestamp":"2026-02-08 23:25:23"}
{"level":"info","message":"User 452f226d-879b-4744-a275-0f5087f32e6c removed reaction from post 7788fcb2-dc06-4dd4-a4a1-cabcfca718da","timestamp":"2026-02-08 23:25:50"}
{"level":"info","message":"User 452f226d-879b-4744-a275-0f5087f32e6c reacted to post 7788fcb2-dc06-4dd4-a4a1-cabcfca718da","timestamp":"2026-02-08 23:25:51"}
{"level":"info","message":"User 452f226d-879b-4744-a275-0f5087f32e6c removed reaction from post 7788fcb2-dc06-4dd4-a4a1-cabcfca718da","timestamp":"2026-02-08 23:25:52"}
{"level":"info","message":"User 452f226d-879b-4744-a275-0f5087f32e6c reacted to post 7788fcb2-dc06-4dd4-a4a1-cabcfca718da","timestamp":"2026-02-08 23:25:52"}
{"level":"info","message":"User 452f226d-879b-4744-a275-0f5087f32e6c removed reaction from post 7788fcb2-dc06-4dd4-a4a1-cabcfca718da","timestamp":"2026-02-08 23:25:59"}
{"level":"info","message":"User 452f226d-879b-4744-a275-0f5087f32e6c reacted to post 7788fcb2-dc06-4dd4-a4a1-cabcfca718da","timestamp":"2026-02-08 23:26:02"}
{"level":"info","message":"Recorded view for reel 595265bc-c14d-4902-aff9-587091a595d9 by user 452f226d-879b-4744-a275-0f5087f32e6c","timestamp":"2026-02-09 00:17:46"}
{"level":"info","message":"Recorded view for reel 595265bc-c14d-4902-aff9-587091a595d9 by user 452f226d-879b-4744-a275-0f5087f32e6c","timestamp":"2026-02-09 17:13:52"}
{"level":"info","message":"Recorded view for reel 595265bc-c14d-4902-aff9-587091a595d9 by user 452f226d-879b-4744-a275-0f5087f32e6c","timestamp":"2026-02-09 17:14:02"}
{"level":"info","message":"Recorded view for reel 595265bc-c14d-4902-aff9-587091a595d9 by user 452f226d-879b-4744-a275-0f5087f32e6c","timestamp":"2026-02-09 17:29:34"}
{"level":"info","message":"Recorded view for reel 595265bc-c14d-4902-aff9-587091a595d9 by user 452f226d-879b-4744-a275-0f5087f32e6c","timestamp":"2026-02-09 17:32:44"}
{"level":"info","message":"Recorded view for reel 595265bc-c14d-4902-aff9-587091a595d9 by user 452f226d-879b-4744-a275-0f5087f32e6c","timestamp":"2026-02-09 17:37:18"}
{"level":"info","message":"Recorded view for reel 595265bc-c14d-4902-aff9-587091a595d9 by user 452f226d-879b-4744-a275-0f5087f32e6c","timestamp":"2026-02-09 19:34:41"}
{"level":"info","message":"Recorded view for reel 595265bc-c14d-4902-aff9-587091a595d9 by user 452f226d-879b-4744-a275-0f5087f32e6c","timestamp":"2026-02-09 19:35:01"}
{"level":"info","message":"Recorded view for reel 595265bc-c14d-4902-aff9-587091a595d9 by user 452f226d-879b-4744-a275-0f5087f32e6c","timestamp":"2026-02-09 19:40:10"}
{"level":"info","message":"Recorded view for reel 595265bc-c14d-4902-aff9-587091a595d9 by user 452f226d-879b-4744-a275-0f5087f32e6c","timestamp":"2026-02-09 19:40:26"}
{"level":"info","message":"Recorded view for reel 595265bc-c14d-4902-aff9-587091a595d9 by user 452f226d-879b-4744-a275-0f5087f32e6c","timestamp":"2026-02-09 19:43:28"}
{"level":"info","message":"Recorded view for reel 595265bc-c14d-4902-aff9-587091a595d9 by user 452f226d-879b-4744-a275-0f5087f32e6c","timestamp":"2026-02-09 19:45:40"}
{"level":"info","message":"Recorded view for reel 595265bc-c14d-4902-aff9-587091a595d9 by user 452f226d-879b-4744-a275-0f5087f32e6c","timestamp":"2026-02-09 19:47:43"}
{"level":"info","message":"Recorded view for reel 595265bc-c14d-4902-aff9-587091a595d9 by user 452f226d-879b-4744-a275-0f5087f32e6c","timestamp":"2026-02-09 19:48:21"}
{"level":"info","message":"Recorded view for reel 595265bc-c14d-4902-aff9-587091a595d9 by user 452f226d-879b-4744-a275-0f5087f32e6c","timestamp":"2026-02-09 19:48:47"}
{"level":"info","message":"Recorded view for reel 595265bc-c14d-4902-aff9-587091a595d9 by user 452f226d-879b-4744-a275-0f5087f32e6c","timestamp":"2026-02-09 19:48:54"}
{"level":"info","message":"Recorded view for reel 595265bc-c14d-4902-aff9-587091a595d9 by user 452f226d-879b-4744-a275-0f5087f32e6c","timestamp":"2026-02-09 19:49:11"}
{"level":"info","message":"Recorded view for reel 595265bc-c14d-4902-aff9-587091a595d9 by user 452f226d-879b-4744-a275-0f5087f32e6c","timestamp":"2026-02-09 19:54:08"}
{"level":"info","message":"Recorded view for reel 595265bc-c14d-4902-aff9-587091a595d9 by user 452f226d-879b-4744-a275-0f5087f32e6c","timestamp":"2026-02-09 19:56:15"}
{"level":"info","message":"Recorded view for reel 595265bc-c14d-4902-aff9-587091a595d9 by user 452f226d-879b-4744-a275-0f5087f32e6c","timestamp":"2026-02-09 19:56:58"}
{"level":"info","message":"Recorded view for reel 595265bc-c14d-4902-aff9-587091a595d9 by user 452f226d-879b-4744-a275-0f5087f32e6c","timestamp":"2026-02-09 19:57:10"}
{"level":"info","message":"Recorded view for reel 595265bc-c14d-4902-aff9-587091a595d9 by user 452f226d-879b-4744-a275-0f5087f32e6c","timestamp":"2026-02-09 19:57:22"}
{"level":"info","message":"Recorded view for reel 595265bc-c14d-4902-aff9-587091a595d9 by user 452f226d-879b-4744-a275-0f5087f32e6c","timestamp":"2026-02-09 19:57:32"}
{"level":"info","message":"Recorded view for reel 595265bc-c14d-4902-aff9-587091a595d9 by user 452f226d-879b-4744-a275-0f5087f32e6c","timestamp":"2026-02-09 19:57:41"}
{"level":"info","message":"Recorded view for reel 595265bc-c14d-4902-aff9-587091a595d9 by user 452f226d-879b-4744-a275-0f5087f32e6c","timestamp":"2026-02-09 19:57:51"}
{"level":"info","message":"Recorded view for reel 595265bc-c14d-4902-aff9-587091a595d9 by user 452f226d-879b-4744-a275-0f5087f32e6c","timestamp":"2026-02-09 19:58:10"}
{"level":"info","message":"Recorded view for reel 595265bc-c14d-4902-aff9-587091a595d9 by user 452f226d-879b-4744-a275-0f5087f32e6c","timestamp":"2026-02-09 19:59:05"}
{"level":"info","message":"Recorded view for reel 595265bc-c14d-4902-aff9-587091a595d9 by user 452f226d-879b-4744-a275-0f5087f32e6c","timestamp":"2026-02-09 20:01:47"}
{"level":"info","message":"Recorded view for reel 595265bc-c14d-4902-aff9-587091a595d9 by user 452f226d-879b-4744-a275-0f5087f32e6c","timestamp":"2026-02-09 20:10:41"}
{"level":"info","message":"Recorded view for reel 595265bc-c14d-4902-aff9-587091a595d9 by user 452f226d-879b-4744-a275-0f5087f32e6c","timestamp":"2026-02-09 20:16:47"}
{"level":"info","message":"Recorded view for reel 595265bc-c14d-4902-aff9-587091a595d9 by user 452f226d-879b-4744-a275-0f5087f32e6c","timestamp":"2026-02-09 20:16:56"}
{"level":"info","message":"Recorded view for reel 595265bc-c14d-4902-aff9-587091a595d9 by user 452f226d-879b-4744-a275-0f5087f32e6c","timestamp":"2026-02-09 20:17:01"}
{"level":"info","message":"User 452f226d-879b-4744-a275-0f5087f32e6c reacted to reel 595265bc-c14d-4902-aff9-587091a595d9","timestamp":"2026-02-09 20:17:33"}
{"level":"info","message":"User 452f226d-879b-4744-a275-0f5087f32e6c reacted to reel 595265bc-c14d-4902-aff9-587091a595d9","timestamp":"2026-02-09 20:17:36"}
{"level":"info","message":"User 452f226d-879b-4744-a275-0f5087f32e6c reacted to reel 595265bc-c14d-4902-aff9-587091a595d9","timestamp":"2026-02-09 20:17:37"}
{"level":"info","message":"User 452f226d-879b-4744-a275-0f5087f32e6c removed reaction from reel 595265bc-c14d-4902-aff9-587091a595d9","timestamp":"2026-02-09 21:03:37"}
{"level":"info","message":"User 452f226d-879b-4744-a275-0f5087f32e6c reacted to reel 595265bc-c14d-4902-aff9-587091a595d9","timestamp":"2026-02-09 21:03:39"}
{"level":"info","message":"User 452f226d-879b-4744-a275-0f5087f32e6c removed reaction from reel 595265bc-c14d-4902-aff9-587091a595d9","timestamp":"2026-02-09 21:05:15"}
{"level":"info","message":"Recorded view for reel 595265bc-c14d-4902-aff9-587091a595d9 by user 452f226d-879b-4744-a275-0f5087f32e6c","timestamp":"2026-02-09 21:08:52"}
{"level":"info","message":"Created new reel for user 452f226d-879b-4744-a275-0f5087f32e6c","timestamp":"2026-02-09 21:18:30"}
{"level":"info","message":"Recorded view for reel 4c400daf-8db4-4fa4-a4d2-4e7e868e70d9 by user 452f226d-879b-4744-a275-0f5087f32e6c","timestamp":"2026-02-09 21:18:38"}
{"level":"info","message":"Recorded view for reel 595265bc-c14d-4902-aff9-587091a595d9 by user 452f226d-879b-4744-a275-0f5087f32e6c","timestamp":"2026-02-09 21:18:40"}
{"level":"info","message":"Recorded view for reel 4c400daf-8db4-4fa4-a4d2-4e7e868e70d9 by user 452f226d-879b-4744-a275-0f5087f32e6c","timestamp":"2026-02-09 21:18:42"}
{"level":"info","message":"Recorded view for reel 4c400daf-8db4-4fa4-a4d2-4e7e868e70d9 by user 452f226d-879b-4744-a275-0f5087f32e6c","timestamp":"2026-02-09 21:18:54"}
{"level":"info","message":"Recorded view for reel 595265bc-c14d-4902-aff9-587091a595d9 by user 452f226d-879b-4744-a275-0f5087f32e6c","timestamp":"2026-02-09 21:18:56"}
{"level":"info","message":"Recorded view for reel 4c400daf-8db4-4fa4-a4d2-4e7e868e70d9 by user 452f226d-879b-4744-a275-0f5087f32e6c","timestamp":"2026-02-09 21:18:59"}
{"level":"info","message":"Recorded view for reel 595265bc-c14d-4902-aff9-587091a595d9 by user 452f226d-879b-4744-a275-0f5087f32e6c","timestamp":"2026-02-09 21:19:15"}
{"level":"info","message":"Recorded view for reel 4c400daf-8db4-4fa4-a4d2-4e7e868e70d9 by user 452f226d-879b-4744-a275-0f5087f32e6c","timestamp":"2026-02-09 21:19:16"}
{"level":"info","message":"Recorded view for reel 595265bc-c14d-4902-aff9-587091a595d9 by user 452f226d-879b-4744-a275-0f5087f32e6c","timestamp":"2026-02-09 21:19:18"}
{"level":"info","message":"Recorded view for reel 4c400daf-8db4-4fa4-a4d2-4e7e868e70d9 by user 452f226d-879b-4744-a275-0f5087f32e6c","timestamp":"2026-02-09 21:32:32"}
{"level":"info","message":"Recorded view for reel 595265bc-c14d-4902-aff9-587091a595d9 by user 452f226d-879b-4744-a275-0f5087f32e6c","timestamp":"2026-02-09 21:32:33"}
{"level":"info","message":"Recorded view for reel 4c400daf-8db4-4fa4-a4d2-4e7e868e70d9 by user 452f226d-879b-4744-a275-0f5087f32e6c","timestamp":"2026-02-09 21:32:36"}
{"level":"info","message":"Recorded view for reel 595265bc-c14d-4902-aff9-587091a595d9 by user 452f226d-879b-4744-a275-0f5087f32e6c","timestamp":"2026-02-09 21:32:40"}
{"level":"info","message":"Recorded view for reel 4c400daf-8db4-4fa4-a4d2-4e7e868e70d9 by user 452f226d-879b-4744-a275-0f5087f32e6c","timestamp":"2026-02-09 21:32:41"}
{"level":"info","message":"Recorded view for reel 595265bc-c14d-4902-aff9-587091a595d9 by user 452f226d-879b-4744-a275-0f5087f32e6c","timestamp":"2026-02-09 21:32:51"}
{"level":"info","message":"Recorded view for reel 4c400daf-8db4-4fa4-a4d2-4e7e868e70d9 by user 452f226d-879b-4744-a275-0f5087f32e6c","timestamp":"2026-02-09 21:32:55"}
{"level":"info","message":"Recorded view for reel 595265bc-c14d-4902-aff9-587091a595d9 by user 452f226d-879b-4744-a275-0f5087f32e6c","timestamp":"2026-02-09 21:32:57"}
{"level":"info","message":"Recorded view for reel 4c400daf-8db4-4fa4-a4d2-4e7e868e70d9 by user 452f226d-879b-4744-a275-0f5087f32e6c","timestamp":"2026-02-09 21:33:49"}
{"level":"info","message":"Recorded view for reel 4c400daf-8db4-4fa4-a4d2-4e7e868e70d9 by user a6dbe610-1821-4631-8df8-ec26e347c7af","timestamp":"2026-02-09 21:34:36"}
{"level":"info","message":"Recorded view for reel 595265bc-c14d-4902-aff9-587091a595d9 by user a6dbe610-1821-4631-8df8-ec26e347c7af","timestamp":"2026-02-09 21:35:18"}
{"level":"info","message":"User a6dbe610-1821-4631-8df8-ec26e347c7af reacted to story a8e5ec01-59e3-4e4c-8256-3c02db676568","timestamp":"2026-02-09 22:03:25"}
{"level":"info","message":"User a6dbe610-1821-4631-8df8-ec26e347c7af reacted to story a8e5ec01-59e3-4e4c-8256-3c02db676568","timestamp":"2026-02-09 22:03:31"}
{"level":"info","message":"Recorded view for reel 4c400daf-8db4-4fa4-a4d2-4e7e868e70d9 by user a6dbe610-1821-4631-8df8-ec26e347c7af","timestamp":"2026-02-09 22:15:46"}
{"level":"info","message":"Recorded view for reel 4c400daf-8db4-4fa4-a4d2-4e7e868e70d9 by user a6dbe610-1821-4631-8df8-ec26e347c7af","timestamp":"2026-02-09 22:15:48"}
{"level":"info","message":"User a6dbe610-1821-4631-8df8-ec26e347c7af reacted to comment d196fc4a-0d6d-4207-9d74-7c90198cd576","timestamp":"2026-02-09 22:15:51"}
{"level":"info","message":"User a6dbe610-1821-4631-8df8-ec26e347c7af reacted to comment ce90115e-cfe5-4e13-a914-e09a87761689","timestamp":"2026-02-09 22:15:53"}
{"level":"info","message":"User a6dbe610-1821-4631-8df8-ec26e347c7af reacted to comment bacdc763-8559-40e4-8705-a4de8ef91246","timestamp":"2026-02-09 22:15:53"}
{"level":"info","message":"User a6dbe610-1821-4631-8df8-ec26e347c7af reacted to reel 595265bc-c14d-4902-aff9-587091a595d9","timestamp":"2026-02-09 22:16:00"}
{"level":"info","message":"Recorded view for reel 595265bc-c14d-4902-aff9-587091a595d9 by user a6dbe610-1821-4631-8df8-ec26e347c7af","timestamp":"2026-02-09 22:16:03"}
{"level":"info","message":"Recorded view for reel 4c400daf-8db4-4fa4-a4d2-4e7e868e70d9 by user a6dbe610-1821-4631-8df8-ec26e347c7af","timestamp":"2026-02-09 22:16:04"}
{"level":"info","message":"Recorded view for reel 595265bc-c14d-4902-aff9-587091a595d9 by user a6dbe610-1821-4631-8df8-ec26e347c7af","timestamp":"2026-02-09 22:16:56"}
{"level":"info","message":"Recorded view for reel 4c400daf-8db4-4fa4-a4d2-4e7e868e70d9 by user 452f226d-879b-4744-a275-0f5087f32e6c","timestamp":"2026-02-10 19:16:52"}
{"level":"info","message":"Recorded view for reel 595265bc-c14d-4902-aff9-587091a595d9 by user 452f226d-879b-4744-a275-0f5087f32e6c","timestamp":"2026-02-10 19:17:06"}
{"level":"info","message":"Recorded view for reel 4c400daf-8db4-4fa4-a4d2-4e7e868e70d9 by user 452f226d-879b-4744-a275-0f5087f32e6c","timestamp":"2026-02-10 19:17:08"}
{"level":"info","message":"User 452f226d-879b-4744-a275-0f5087f32e6c reacted to story 202aab7a-0849-45fc-8949-4e7e61337c12","timestamp":"2026-02-10 19:17:15"}
{"level":"info","message":"Recorded view for reel 595265bc-c14d-4902-aff9-587091a595d9 by user 452f226d-879b-4744-a275-0f5087f32e6c","timestamp":"2026-02-10 19:17:25"}
{"level":"info","message":"Recorded view for reel 4c400daf-8db4-4fa4-a4d2-4e7e868e70d9 by user 452f226d-879b-4744-a275-0f5087f32e6c","timestamp":"2026-02-10 19:29:54"}
{"level":"info","message":"Recorded view for reel 4c400daf-8db4-4fa4-a4d2-4e7e868e70d9 by user 452f226d-879b-4744-a275-0f5087f32e6c","timestamp":"2026-02-10 19:49:08"}
{"level":"info","message":"Recorded view for reel 4c400daf-8db4-4fa4-a4d2-4e7e868e70d9 by user 452f226d-879b-4744-a275-0f5087f32e6c","timestamp":"2026-02-10 19:57:24"}
{"level":"info","message":"Recorded view for reel 4c400daf-8db4-4fa4-a4d2-4e7e868e70d9 by user 452f226d-879b-4744-a275-0f5087f32e6c","timestamp":"2026-02-10 20:08:51"}
{"level":"info","message":"Recorded view for reel 4c400daf-8db4-4fa4-a4d2-4e7e868e70d9 by user 452f226d-879b-4744-a275-0f5087f32e6c","timestamp":"2026-02-10 20:08:52"}
{"level":"info","message":"Recorded view for reel 595265bc-c14d-4902-aff9-587091a595d9 by user 452f226d-879b-4744-a275-0f5087f32e6c","timestamp":"2026-02-10 20:08:55"}
{"level":"info","message":"Recorded view for reel 4c400daf-8db4-4fa4-a4d2-4e7e868e70d9 by user 452f226d-879b-4744-a275-0f5087f32e6c","timestamp":"2026-02-10 20:08:58"}
{"level":"info","message":"Recorded view for reel 595265bc-c14d-4902-aff9-587091a595d9 by user 452f226d-879b-4744-a275-0f5087f32e6c","timestamp":"2026-02-10 20:09:00"}
{"level":"info","message":"Recorded view for reel 4c400daf-8db4-4fa4-a4d2-4e7e868e70d9 by user 452f226d-879b-4744-a275-0f5087f32e6c","timestamp":"2026-02-10 20:09:27"}
{"level":"info","message":"Recorded view for reel 4c400daf-8db4-4fa4-a4d2-4e7e868e70d9 by user 452f226d-879b-4744-a275-0f5087f32e6c","timestamp":"2026-02-10 22:12:41"}
{"level":"info","message":"Recorded view for reel 595265bc-c14d-4902-aff9-587091a595d9 by user 452f226d-879b-4744-a275-0f5087f32e6c","timestamp":"2026-02-10 22:12:42"}
{"level":"info","message":"Recorded view for reel 595265bc-c14d-4902-aff9-587091a595d9 by user 452f226d-879b-4744-a275-0f5087f32e6c","timestamp":"2026-02-10 22:12:44"}
{"level":"info","message":"Recorded view for reel 4c400daf-8db4-4fa4-a4d2-4e7e868e70d9 by user 452f226d-879b-4744-a275-0f5087f32e6c","timestamp":"2026-02-10 22:12:45"}
{"level":"info","message":"Created new reel for user 452f226d-879b-4744-a275-0f5087f32e6c","timestamp":"2026-02-10 22:15:56"}
{"level":"info","message":"User 452f226d-879b-4744-a275-0f5087f32e6c reacted to reel 03c198e9-ea7a-4602-b591-1707c43a6ded","timestamp":"2026-02-10 22:16:26"}
{"level":"info","message":"User 452f226d-879b-4744-a275-0f5087f32e6c reacted to reel 03c198e9-ea7a-4602-b591-1707c43a6ded","timestamp":"2026-02-10 22:16:26"}
{"level":"info","message":"User 452f226d-879b-4744-a275-0f5087f32e6c reacted to reel 03c198e9-ea7a-4602-b591-1707c43a6ded","timestamp":"2026-02-10 22:16:26"}
{"level":"info","message":"User 452f226d-879b-4744-a275-0f5087f32e6c removed reaction from reel 03c198e9-ea7a-4602-b591-1707c43a6ded","timestamp":"2026-02-10 22:16:26"}
{"level":"info","message":"User 452f226d-879b-4744-a275-0f5087f32e6c reacted to reel 03c198e9-ea7a-4602-b591-1707c43a6ded","timestamp":"2026-02-10 22:16:27"}
{"level":"info","message":"Created new reel for user 452f226d-879b-4744-a275-0f5087f32e6c","timestamp":"2026-02-10 22:19:35"}
{"level":"info","message":"Recorded view for reel 74357906-e91d-4e17-8522-018a2822e017 by user 452f226d-879b-4744-a275-0f5087f32e6c","timestamp":"2026-02-10 22:19:42"}
{"level":"info","message":"Recorded view for reel 03c198e9-ea7a-4602-b591-1707c43a6ded by user 452f226d-879b-4744-a275-0f5087f32e6c","timestamp":"2026-02-10 22:23:45"}
{"level":"info","message":"Recorded view for reel 74357906-e91d-4e17-8522-018a2822e017 by user 452f226d-879b-4744-a275-0f5087f32e6c","timestamp":"2026-02-10 22:24:57"}
{"level":"info","message":"Recorded view for reel 03c198e9-ea7a-4602-b591-1707c43a6ded by user 452f226d-879b-4744-a275-0f5087f32e6c","timestamp":"2026-02-10 22:25:02"}
{"level":"info","message":"Recorded view for reel 74357906-e91d-4e17-8522-018a2822e017 by user 452f226d-879b-4744-a275-0f5087f32e6c","timestamp":"2026-02-10 22:25:05"}
{"level":"info","message":"Recorded view for reel 03c198e9-ea7a-4602-b591-1707c43a6ded by user 452f226d-879b-4744-a275-0f5087f32e6c","timestamp":"2026-02-10 22:25:06"}
{"level":"info","message":"Recorded view for reel 74357906-e91d-4e17-8522-018a2822e017 by user 452f226d-879b-4744-a275-0f5087f32e6c","timestamp":"2026-02-10 22:25:12"}
{"level":"info","message":"Recorded view for reel 03c198e9-ea7a-4602-b591-1707c43a6ded by user 452f226d-879b-4744-a275-0f5087f32e6c","timestamp":"2026-02-10 22:25:20"}
{"level":"info","message":"Recorded view for reel 74357906-e91d-4e17-8522-018a2822e017 by user 452f226d-879b-4744-a275-0f5087f32e6c","timestamp":"2026-02-10 22:25:25"}
{"level":"info","message":"Recorded view for reel 03c198e9-ea7a-4602-b591-1707c43a6ded by user 452f226d-879b-4744-a275-0f5087f32e6c","timestamp":"2026-02-10 22:25:37"}
{"level":"info","message":"Recorded view for reel 74357906-e91d-4e17-8522-018a2822e017 by user 452f226d-879b-4744-a275-0f5087f32e6c","timestamp":"2026-02-10 22:25:41"}
{"level":"info","message":"Recorded view for reel 03c198e9-ea7a-4602-b591-1707c43a6ded by user 452f226d-879b-4744-a275-0f5087f32e6c","timestamp":"2026-02-10 22:25:44"}
{"level":"info","message":"Recorded view for reel 74357906-e91d-4e17-8522-018a2822e017 by user 452f226d-879b-4744-a275-0f5087f32e6c","timestamp":"2026-02-10 22:25:45"}
{"level":"info","message":"Recorded view for reel 74357906-e91d-4e17-8522-018a2822e017 by user 452f226d-879b-4744-a275-0f5087f32e6c","timestamp":"2026-02-10 22:25:46"}
{"level":"info","message":"Recorded view for reel 03c198e9-ea7a-4602-b591-1707c43a6ded by user 452f226d-879b-4744-a275-0f5087f32e6c","timestamp":"2026-02-10 22:25:56"}
{"level":"info","message":"User 452f226d-879b-4744-a275-0f5087f32e6c removed reaction from reel 03c198e9-ea7a-4602-b591-1707c43a6ded","timestamp":"2026-02-10 22:26:07"}
{"level":"info","message":"Recorded view for reel 03c198e9-ea7a-4602-b591-1707c43a6ded by user 452f226d-879b-4744-a275-0f5087f32e6c","timestamp":"2026-02-10 22:26:21"}
{"level":"info","message":"Recorded view for reel 74357906-e91d-4e17-8522-018a2822e017 by user 452f226d-879b-4744-a275-0f5087f32e6c","timestamp":"2026-02-10 22:26:23"}
{"level":"info","message":"Recorded view for reel 74357906-e91d-4e17-8522-018a2822e017 by user 452f226d-879b-4744-a275-0f5087f32e6c","timestamp":"2026-02-10 22:26:25"}
{"level":"info","message":"Recorded view for reel 03c198e9-ea7a-4602-b591-1707c43a6ded by user 452f226d-879b-4744-a275-0f5087f32e6c","timestamp":"2026-02-10 22:26:33"}
{"level":"info","message":"Recorded view for reel 74357906-e91d-4e17-8522-018a2822e017 by user 452f226d-879b-4744-a275-0f5087f32e6c","timestamp":"2026-02-10 22:26:35"}
{"level":"info","message":"Recorded view for reel 03c198e9-ea7a-4602-b591-1707c43a6ded by user 452f226d-879b-4744-a275-0f5087f32e6c","timestamp":"2026-02-10 22:26:39"}
{"level":"info","message":"Recorded view for reel 74357906-e91d-4e17-8522-018a2822e017 by user 452f226d-879b-4744-a275-0f5087f32e6c","timestamp":"2026-02-10 22:26:41"}
{"level":"info","message":"Recorded view for reel 03c198e9-ea7a-4602-b591-1707c43a6ded by user 452f226d-879b-4744-a275-0f5087f32e6c","timestamp":"2026-02-10 22:30:36"}
{"level":"info","message":"Recorded view for reel 74357906-e91d-4e17-8522-018a2822e017 by user 452f226d-879b-4744-a275-0f5087f32e6c","timestamp":"2026-02-10 22:30:41"}
{"level":"info","message":"Recorded view for reel 03c198e9-ea7a-4602-b591-1707c43a6ded by user 452f226d-879b-4744-a275-0f5087f32e6c","timestamp":"2026-02-10 22:33:03"}
{"level":"info","message":"Recorded view for reel 74357906-e91d-4e17-8522-018a2822e017 by user 452f226d-879b-4744-a275-0f5087f32e6c","timestamp":"2026-02-10 22:33:29"}
{"level":"info","message":"Recorded view for reel 03c198e9-ea7a-4602-b591-1707c43a6ded by user 452f226d-879b-4744-a275-0f5087f32e6c","timestamp":"2026-02-10 22:34:26"}
{"level":"info","message":"Recorded view for reel 74357906-e91d-4e17-8522-018a2822e017 by user 452f226d-879b-4744-a275-0f5087f32e6c","timestamp":"2026-02-10 22:34:27"}
{"level":"info","message":"Recorded view for reel 03c198e9-ea7a-4602-b591-1707c43a6ded by user 452f226d-879b-4744-a275-0f5087f32e6c","timestamp":"2026-02-10 22:46:22"}
{"level":"info","message":"Recorded view for reel 74357906-e91d-4e17-8522-018a2822e017 by user 452f226d-879b-4744-a275-0f5087f32e6c","timestamp":"2026-02-10 22:46:23"}
{"level":"info","message":"Recorded view for reel 03c198e9-ea7a-4602-b591-1707c43a6ded by user 452f226d-879b-4744-a275-0f5087f32e6c","timestamp":"2026-02-10 22:46:25"}
{"level":"info","message":"Recorded view for reel 74357906-e91d-4e17-8522-018a2822e017 by user 452f226d-879b-4744-a275-0f5087f32e6c","timestamp":"2026-02-10 22:46:30"}
{"level":"info","message":"Recorded view for reel 03c198e9-ea7a-4602-b591-1707c43a6ded by user 452f226d-879b-4744-a275-0f5087f32e6c","timestamp":"2026-02-10 22:47:05"}
{"level":"info","message":"Recorded view for reel 74357906-e91d-4e17-8522-018a2822e017 by user 452f226d-879b-4744-a275-0f5087f32e6c","timestamp":"2026-02-10 22:47:12"}
{"level":"info","message":"Recorded view for reel 03c198e9-ea7a-4602-b591-1707c43a6ded by user 452f226d-879b-4744-a275-0f5087f32e6c","timestamp":"2026-02-10 22:47:15"}
{"level":"info","message":"Recorded view for reel 74357906-e91d-4e17-8522-018a2822e017 by user 452f226d-879b-4744-a275-0f5087f32e6c","timestamp":"2026-02-10 22:47:19"}
{"level":"info","message":"Recorded view for reel 74357906-e91d-4e17-8522-018a2822e017 by user 452f226d-879b-4744-a275-0f5087f32e6c","timestamp":"2026-02-10 22:47:36"}
{"level":"info","message":"Recorded view for reel 74357906-e91d-4e17-8522-018a2822e017 by user 452f226d-879b-4744-a275-0f5087f32e6c","timestamp":"2026-02-10 22:47:46"}
{"level":"info","message":"Recorded view for reel 74357906-e91d-4e17-8522-018a2822e017 by user 452f226d-879b-4744-a275-0f5087f32e6c","timestamp":"2026-02-10 22:47:53"}
{"level":"info","message":"Recorded view for reel 74357906-e91d-4e17-8522-018a2822e017 by user 452f226d-879b-4744-a275-0f5087f32e6c","timestamp":"2026-02-10 22:47:56"}
{"level":"info","message":"Recorded view for reel 74357906-e91d-4e17-8522-018a2822e017 by user 452f226d-879b-4744-a275-0f5087f32e6c","timestamp":"2026-02-10 22:51:56"}
{"level":"info","message":"Recorded view for reel 74357906-e91d-4e17-8522-018a2822e017 by user 452f226d-879b-4744-a275-0f5087f32e6c","timestamp":"2026-02-10 22:52:01"}
{"level":"info","message":"Recorded view for reel 74357906-e91d-4e17-8522-018a2822e017 by user 452f226d-879b-4744-a275-0f5087f32e6c","timestamp":"2026-02-10 22:52:42"}
{"level":"info","message":"Recorded view for reel 03c198e9-ea7a-4602-b591-1707c43a6ded by user 452f226d-879b-4744-a275-0f5087f32e6c","timestamp":"2026-02-10 22:52:45"}
{"level":"info","message":"Recorded view for reel 74357906-e91d-4e17-8522-018a2822e017 by user 452f226d-879b-4744-a275-0f5087f32e6c","timestamp":"2026-02-10 22:52:46"}
{"level":"info","message":"Recorded view for reel 74357906-e91d-4e17-8522-018a2822e017 by user 452f226d-879b-4744-a275-0f5087f32e6c","timestamp":"2026-02-10 23:01:40"}
{"level":"info","message":"Recorded view for reel 74357906-e91d-4e17-8522-018a2822e017 by user 452f226d-879b-4744-a275-0f5087f32e6c","timestamp":"2026-02-10 23:01:43"}
{"level":"info","message":"Recorded view for reel 74357906-e91d-4e17-8522-018a2822e017 by user 452f226d-879b-4744-a275-0f5087f32e6c","timestamp":"2026-02-10 23:01:49"}
{"level":"info","message":"Recorded view for reel 03c198e9-ea7a-4602-b591-1707c43a6ded by user 452f226d-879b-4744-a275-0f5087f32e6c","timestamp":"2026-02-10 23:01:51"}
{"level":"info","message":"Recorded view for reel 74357906-e91d-4e17-8522-018a2822e017 by user 452f226d-879b-4744-a275-0f5087f32e6c","timestamp":"2026-02-10 23:04:01"}
{"level":"info","message":"Recorded view for reel 03c198e9-ea7a-4602-b591-1707c43a6ded by user 452f226d-879b-4744-a275-0f5087f32e6c","timestamp":"2026-02-10 23:04:07"}
{"level":"info","message":"Recorded view for reel 74357906-e91d-4e17-8522-018a2822e017 by user 452f226d-879b-4744-a275-0f5087f32e6c","timestamp":"2026-02-10 23:04:09"}
{"level":"info","message":"Recorded view for reel 03c198e9-ea7a-4602-b591-1707c43a6ded by user 452f226d-879b-4744-a275-0f5087f32e6c","timestamp":"2026-02-10 23:07:38"}
{"level":"info","message":"Recorded view for reel 74357906-e91d-4e17-8522-018a2822e017 by user 452f226d-879b-4744-a275-0f5087f32e6c","timestamp":"2026-02-10 23:09:16"}
{"level":"info","message":"Recorded view for reel 74357906-e91d-4e17-8522-018a2822e017 by user 452f226d-879b-4744-a275-0f5087f32e6c","timestamp":"2026-02-10 23:14:58"}
{"level":"info","message":"Recorded view for reel 74357906-e91d-4e17-8522-018a2822e017 by user 452f226d-879b-4744-a275-0f5087f32e6c","timestamp":"2026-02-10 23:15:05"}
{"level":"info","message":"Recorded view for reel 03c198e9-ea7a-4602-b591-1707c43a6ded by user 452f226d-879b-4744-a275-0f5087f32e6c","timestamp":"2026-02-10 23:15:10"}
{"level":"info","message":"Recorded view for reel 74357906-e91d-4e17-8522-018a2822e017 by user 452f226d-879b-4744-a275-0f5087f32e6c","timestamp":"2026-02-10 23:15:13"}
{"level":"info","message":"Recorded view for reel 03c198e9-ea7a-4602-b591-1707c43a6ded by user 452f226d-879b-4744-a275-0f5087f32e6c","timestamp":"2026-02-10 23:15:19"}
{"level":"info","message":"Recorded view for reel 74357906-e91d-4e17-8522-018a2822e017 by user 452f226d-879b-4744-a275-0f5087f32e6c","timestamp":"2026-02-16 21:01:27"}
{"level":"info","message":"Recorded view for reel 03c198e9-ea7a-4602-b591-1707c43a6ded by user 452f226d-879b-4744-a275-0f5087f32e6c","timestamp":"2026-02-16 21:01:29"}
{"level":"info","message":"Recorded view for reel 74357906-e91d-4e17-8522-018a2822e017 by user 452f226d-879b-4744-a275-0f5087f32e6c","timestamp":"2026-02-16 21:01:35"}
{"level":"info","message":"Recorded view for reel 03c198e9-ea7a-4602-b591-1707c43a6ded by user 452f226d-879b-4744-a275-0f5087f32e6c","timestamp":"2026-02-16 21:01:55"}
{"level":"info","message":"Recorded view for reel 74357906-e91d-4e17-8522-018a2822e017 by user 452f226d-879b-4744-a275-0f5087f32e6c","timestamp":"2026-02-16 21:02:13"}
{"level":"info","message":"Recorded view for reel 03c198e9-ea7a-4602-b591-1707c43a6ded by user 452f226d-879b-4744-a275-0f5087f32e6c","timestamp":"2026-02-16 21:02:17"}
{"level":"info","message":"Recorded view for reel 74357906-e91d-4e17-8522-018a2822e017 by user 452f226d-879b-4744-a275-0f5087f32e6c","timestamp":"2026-02-16 21:12:24"}
{"level":"info","message":"Recorded view for reel 74357906-e91d-4e17-8522-018a2822e017 by user 452f226d-879b-4744-a275-0f5087f32e6c","timestamp":"2026-02-16 21:12:43"}
{"level":"info","message":"Recorded view for reel 74357906-e91d-4e17-8522-018a2822e017 by user 452f226d-879b-4744-a275-0f5087f32e6c","timestamp":"2026-02-16 21:13:01"}
{"level":"info","message":"Recorded view for reel 74357906-e91d-4e17-8522-018a2822e017 by user 452f226d-879b-4744-a275-0f5087f32e6c","timestamp":"2026-02-16 21:26:12"}
{"level":"info","message":"Recorded view for reel 74357906-e91d-4e17-8522-018a2822e017 by user 452f226d-879b-4744-a275-0f5087f32e6c","timestamp":"2026-02-16 21:26:19"}
{"level":"info","message":"Recorded view for reel 74357906-e91d-4e17-8522-018a2822e017 by user 452f226d-879b-4744-a275-0f5087f32e6c","timestamp":"2026-02-16 22:49:42"}
{"level":"info","message":"Recorded view for reel 74357906-e91d-4e17-8522-018a2822e017 by user 452f226d-879b-4744-a275-0f5087f32e6c","timestamp":"2026-02-16 23:10:03"}
{"level":"info","message":"Recorded view for reel 03c198e9-ea7a-4602-b591-1707c43a6ded by user 452f226d-879b-4744-a275-0f5087f32e6c","timestamp":"2026-02-16 23:10:05"}
{"level":"info","message":"Recorded view for reel 74357906-e91d-4e17-8522-018a2822e017 by user 452f226d-879b-4744-a275-0f5087f32e6c","timestamp":"2026-02-16 23:10:30"}
{"level":"info","message":"Recorded view for reel 74357906-e91d-4e17-8522-018a2822e017 by user 452f226d-879b-4744-a275-0f5087f32e6c","timestamp":"2026-02-16 23:19:28"}
{"level":"info","message":"Recorded view for reel 74357906-e91d-4e17-8522-018a2822e017 by user 452f226d-879b-4744-a275-0f5087f32e6c","timestamp":"2026-02-17 00:44:47"}
{"level":"info","message":"Recorded view for reel 03c198e9-ea7a-4602-b591-1707c43a6ded by user 452f226d-879b-4744-a275-0f5087f32e6c","timestamp":"2026-02-17 00:44:59"}
{"level":"info","message":"Recorded view for reel 74357906-e91d-4e17-8522-018a2822e017 by user 452f226d-879b-4744-a275-0f5087f32e6c","timestamp":"2026-02-17 00:45:45"}
{"level":"info","message":"Recorded view for reel 74357906-e91d-4e17-8522-018a2822e017 by user 452f226d-879b-4744-a275-0f5087f32e6c","timestamp":"2026-02-17 00:48:43"}
{"level":"info","message":"Recorded view for reel 74357906-e91d-4e17-8522-018a2822e017 by user 452f226d-879b-4744-a275-0f5087f32e6c","timestamp":"2026-02-17 00:59:04"}
{"level":"info","message":"Recorded view for reel 74357906-e91d-4e17-8522-018a2822e017 by user 452f226d-879b-4744-a275-0f5087f32e6c","timestamp":"2026-02-17 00:59:39"}
{"level":"info","message":"Recorded view for reel 74357906-e91d-4e17-8522-018a2822e017 by user 452f226d-879b-4744-a275-0f5087f32e6c","timestamp":"2026-02-17 01:00:38"}
{"level":"info","message":"Recorded view for reel 74357906-e91d-4e17-8522-018a2822e017 by user 452f226d-879b-4744-a275-0f5087f32e6c","timestamp":"2026-02-17 01:00:47"}
{"level":"info","message":"Recorded view for reel 74357906-e91d-4e17-8522-018a2822e017 by user 452f226d-879b-4744-a275-0f5087f32e6c","timestamp":"2026-02-17 01:03:50"}
{"level":"info","message":"Recorded view for reel 74357906-e91d-4e17-8522-018a2822e017 by user 452f226d-879b-4744-a275-0f5087f32e6c","timestamp":"2026-02-17 01:12:46"}
{"level":"info","message":"Recorded view for reel 74357906-e91d-4e17-8522-018a2822e017 by user 452f226d-879b-4744-a275-0f5087f32e6c","timestamp":"2026-02-17 01:12:47"}
{"level":"info","message":"Recorded view for reel 74357906-e91d-4e17-8522-018a2822e017 by user 452f226d-879b-4744-a275-0f5087f32e6c","timestamp":"2026-02-17 01:14:12"}
{"level":"info","message":"Recorded view for reel 74357906-e91d-4e17-8522-018a2822e017 by user 452f226d-879b-4744-a275-0f5087f32e6c","timestamp":"2026-02-17 01:15:13"}
{"level":"info","message":"Recorded view for reel 74357906-e91d-4e17-8522-018a2822e017 by user 452f226d-879b-4744-a275-0f5087f32e6c","timestamp":"2026-02-17 01:17:46"}
{"level":"info","message":"Recorded view for reel 74357906-e91d-4e17-8522-018a2822e017 by user 452f226d-879b-4744-a275-0f5087f32e6c","timestamp":"2026-02-17 01:17:47"}
{"level":"info","message":"Recorded view for reel 74357906-e91d-4e17-8522-018a2822e017 by user 452f226d-879b-4744-a275-0f5087f32e6c","timestamp":"2026-02-17 01:19:01"}
{"level":"info","message":"Recorded view for reel 74357906-e91d-4e17-8522-018a2822e017 by user 452f226d-879b-4744-a275-0f5087f32e6c","timestamp":"2026-02-17 01:25:16"}
{"level":"info","message":"Recorded view for reel 03c198e9-ea7a-4602-b591-1707c43a6ded by user 452f226d-879b-4744-a275-0f5087f32e6c","timestamp":"2026-02-17 01:27:20"}
{"level":"info","message":"Recorded view for reel 74357906-e91d-4e17-8522-018a2822e017 by user 452f226d-879b-4744-a275-0f5087f32e6c","timestamp":"2026-02-17 01:27:21"}
{"level":"info","message":"Recorded view for reel 74357906-e91d-4e17-8522-018a2822e017 by user 452f226d-879b-4744-a275-0f5087f32e6c","timestamp":"2026-02-17 13:19:40"}
{"level":"info","message":"Recorded view for reel 74357906-e91d-4e17-8522-018a2822e017 by user 452f226d-879b-4744-a275-0f5087f32e6c","timestamp":"2026-02-17 13:25:04"}
{"level":"info","message":"User 452f226d-879b-4744-a275-0f5087f32e6c reacted to post 7788fcb2-dc06-4dd4-a4a1-cabcfca718da","timestamp":"2026-02-17 14:11:13"}
{"level":"info","message":"User 452f226d-879b-4744-a275-0f5087f32e6c removed reaction from post 7788fcb2-dc06-4dd4-a4a1-cabcfca718da","timestamp":"2026-02-17 14:11:15"}
{"level":"info","message":"User 452f226d-879b-4744-a275-0f5087f32e6c reacted to post 7788fcb2-dc06-4dd4-a4a1-cabcfca718da","timestamp":"2026-02-17 14:11:16"}
{"level":"info","message":"Recorded view for reel 74357906-e91d-4e17-8522-018a2822e017 by user 452f226d-879b-4744-a275-0f5087f32e6c","timestamp":"2026-02-17 14:25:29"}
{"level":"error","message":"Error getting reactions: Connection terminated due to connection timeout","timestamp":"2026-02-17 14:26:13"}
{"level":"error","message":"Error getting reactions: Connection terminated due to connection timeout","timestamp":"2026-02-17 14:27:27"}
{"level":"error","message":"Error getting reactions: Connection terminated due to connection timeout","timestamp":"2026-02-17 14:28:19"}
{"level":"error","message":"Error getting reactions: Connection terminated due to connection timeout","timestamp":"2026-02-17 14:29:27"}
{"level":"info","message":"Recorded view for reel 74357906-e91d-4e17-8522-018a2822e017 by user 452f226d-879b-4744-a275-0f5087f32e6c","timestamp":"2026-02-17 14:29:30"}
{"level":"error","message":"Error getting reactions: Connection terminated due to connection timeout","timestamp":"2026-02-17 14:31:19"}
{"level":"info","message":"User 452f226d-879b-4744-a275-0f5087f32e6c removed reaction from reel 74357906-e91d-4e17-8522-018a2822e017","timestamp":"2026-02-17 14:31:22"}
{"level":"error","message":"Error adding reaction: Connection terminated due to connection timeout","timestamp":"2026-02-17 14:38:29"}
{"level":"error","message":"Error getting reactions: Connection terminated due to connection timeout","timestamp":"2026-02-17 14:41:53"}
{"level":"error","message":"Error getting votes: Connection terminated due to connection timeout","timestamp":"2026-02-17 15:01:59"}
{"level":"info","message":"Recorded view for reel 74357906-e91d-4e17-8522-018a2822e017 by user 452f226d-879b-4744-a275-0f5087f32e6c","timestamp":"2026-02-17 15:02:02"}
{"level":"error","message":"Error adding vote: Cannot read properties of undefined (reading 'resolveContentOwner')","timestamp":"2026-02-18 11:14:31"}
{"level":"info","message":"User user-1 voted upvote on post post-1","timestamp":"2026-02-18 11:16:26"}
{"level":"info","message":"User 169c6f72-aade-4447-9659-6f10e0de37f4 voted upvote on post 29c2e8e3-5692-40d5-959a-70af3829b8d9","timestamp":"2026-02-18 11:17:22"}
{"level":"info","message":"User 169c6f72-aade-4447-9659-6f10e0de37f4 voted upvote on post 29c2e8e3-5692-40d5-959a-70af3829b8d9","timestamp":"2026-02-18 11:17:30"}
{"level":"info","message":"User 169c6f72-aade-4447-9659-6f10e0de37f4 voted upvote on post 29c2e8e3-5692-40d5-959a-70af3829b8d9","timestamp":"2026-02-18 11:17:35"}
{"level":"info","message":"User 169c6f72-aade-4447-9659-6f10e0de37f4 removed vote from post 29c2e8e3-5692-40d5-959a-70af3829b8d9","timestamp":"2026-02-18 11:25:54"}
{"level":"info","message":"User 169c6f72-aade-4447-9659-6f10e0de37f4 voted upvote on post 29c2e8e3-5692-40d5-959a-70af3829b8d9","timestamp":"2026-02-18 11:25:55"}
{"level":"info","message":"User 169c6f72-aade-4447-9659-6f10e0de37f4 removed vote from post 29c2e8e3-5692-40d5-959a-70af3829b8d9","timestamp":"2026-02-18 11:25:55"}
{"level":"info","message":"User 169c6f72-aade-4447-9659-6f10e0de37f4 voted downvote on post 29c2e8e3-5692-40d5-959a-70af3829b8d9","timestamp":"2026-02-18 11:25:56"}
{"level":"info","message":"User 169c6f72-aade-4447-9659-6f10e0de37f4 removed vote from post 29c2e8e3-5692-40d5-959a-70af3829b8d9","timestamp":"2026-02-18 11:25:57"}
{"level":"info","message":"User 169c6f72-aade-4447-9659-6f10e0de37f4 voted downvote on post 29c2e8e3-5692-40d5-959a-70af3829b8d9","timestamp":"2026-02-18 11:26:30"}
{"level":"info","message":"User 169c6f72-aade-4447-9659-6f10e0de37f4 voted upvote on post 29c2e8e3-5692-40d5-959a-70af3829b8d9","timestamp":"2026-02-18 11:26:31"}
{"level":"info","message":"User 169c6f72-aade-4447-9659-6f10e0de37f4 voted downvote on post 29c2e8e3-5692-40d5-959a-70af3829b8d9","timestamp":"2026-02-18 11:26:33"}
{"level":"info","message":"User 169c6f72-aade-4447-9659-6f10e0de37f4 voted upvote on post 29c2e8e3-5692-40d5-959a-70af3829b8d9","timestamp":"2026-02-18 11:26:34"}
{"level":"info","message":"User 169c6f72-aade-4447-9659-6f10e0de37f4 removed vote from post 29c2e8e3-5692-40d5-959a-70af3829b8d9","timestamp":"2026-02-18 11:39:02"}
{"level":"info","message":"User 169c6f72-aade-4447-9659-6f10e0de37f4 voted upvote on post 29c2e8e3-5692-40d5-959a-70af3829b8d9","timestamp":"2026-02-18 11:39:03"}
{"level":"info","message":"User 169c6f72-aade-4447-9659-6f10e0de37f4 removed vote from post 29c2e8e3-5692-40d5-959a-70af3829b8d9","timestamp":"2026-02-18 11:39:20"}
{"level":"info","message":"User 169c6f72-aade-4447-9659-6f10e0de37f4 voted upvote on post 29c2e8e3-5692-40d5-959a-70af3829b8d9","timestamp":"2026-02-18 11:39:21"}
{"level":"info","message":"User 169c6f72-aade-4447-9659-6f10e0de37f4 removed vote from post 29c2e8e3-5692-40d5-959a-70af3829b8d9","timestamp":"2026-02-18 11:47:33"}
{"level":"info","message":"User 169c6f72-aade-4447-9659-6f10e0de37f4 voted upvote on post 29c2e8e3-5692-40d5-959a-70af3829b8d9","timestamp":"2026-02-18 11:47:34"}
{"level":"info","message":"User 169c6f72-aade-4447-9659-6f10e0de37f4 removed vote from post 29c2e8e3-5692-40d5-959a-70af3829b8d9","timestamp":"2026-02-18 11:48:50"}
{"level":"info","message":"User 169c6f72-aade-4447-9659-6f10e0de37f4 voted upvote on post 29c2e8e3-5692-40d5-959a-70af3829b8d9","timestamp":"2026-02-18 11:48:51"}
{"level":"info","message":"User 169c6f72-aade-4447-9659-6f10e0de37f4 removed vote from post 29c2e8e3-5692-40d5-959a-70af3829b8d9","timestamp":"2026-02-18 11:49:05"}
{"level":"info","message":"User 169c6f72-aade-4447-9659-6f10e0de37f4 voted downvote on post 29c2e8e3-5692-40d5-959a-70af3829b8d9","timestamp":"2026-02-18 11:49:06"}
{"level":"info","message":"User 169c6f72-aade-4447-9659-6f10e0de37f4 removed vote from post 29c2e8e3-5692-40d5-959a-70af3829b8d9","timestamp":"2026-02-18 11:49:06"}
{"level":"info","message":"User 169c6f72-aade-4447-9659-6f10e0de37f4 voted upvote on post 29c2e8e3-5692-40d5-959a-70af3829b8d9","timestamp":"2026-02-18 11:49:07"}
{"level":"info","message":"User 169c6f72-aade-4447-9659-6f10e0de37f4 removed vote from post 29c2e8e3-5692-40d5-959a-70af3829b8d9","timestamp":"2026-02-18 12:18:10"}
{"level":"info","message":"User 169c6f72-aade-4447-9659-6f10e0de37f4 voted downvote on post 29c2e8e3-5692-40d5-959a-70af3829b8d9","timestamp":"2026-02-18 12:18:10"}
{"level":"info","message":"User 169c6f72-aade-4447-9659-6f10e0de37f4 voted upvote on post 29c2e8e3-5692-40d5-959a-70af3829b8d9","timestamp":"2026-02-18 12:18:10"}
{"level":"info","message":"User 169c6f72-aade-4447-9659-6f10e0de37f4 removed vote from post 29c2e8e3-5692-40d5-959a-70af3829b8d9","timestamp":"2026-02-18 12:18:12"}
{"level":"info","message":"User 169c6f72-aade-4447-9659-6f10e0de37f4 voted upvote on post 29c2e8e3-5692-40d5-959a-70af3829b8d9","timestamp":"2026-02-18 12:22:48"}
{"level":"info","message":"User 169c6f72-aade-4447-9659-6f10e0de37f4 removed vote from post 29c2e8e3-5692-40d5-959a-70af3829b8d9","timestamp":"2026-02-18 12:22:49"}
{"level":"info","message":"User 169c6f72-aade-4447-9659-6f10e0de37f4 voted downvote on post 29c2e8e3-5692-40d5-959a-70af3829b8d9","timestamp":"2026-02-18 12:22:50"}
{"level":"info","message":"User 169c6f72-aade-4447-9659-6f10e0de37f4 removed vote from post 29c2e8e3-5692-40d5-959a-70af3829b8d9","timestamp":"2026-02-18 12:22:51"}
{"level":"info","message":"User 169c6f72-aade-4447-9659-6f10e0de37f4 voted downvote on post 29c2e8e3-5692-40d5-959a-70af3829b8d9","timestamp":"2026-02-18 12:23:14"}
{"level":"info","message":"User 169c6f72-aade-4447-9659-6f10e0de37f4 removed vote from post 29c2e8e3-5692-40d5-959a-70af3829b8d9","timestamp":"2026-02-18 12:23:14"}
{"level":"info","message":"User 169c6f72-aade-4447-9659-6f10e0de37f4 voted upvote on post 29c2e8e3-5692-40d5-959a-70af3829b8d9","timestamp":"2026-02-18 12:23:15"}
{"level":"info","message":"User 169c6f72-aade-4447-9659-6f10e0de37f4 removed vote from post 29c2e8e3-5692-40d5-959a-70af3829b8d9","timestamp":"2026-02-18 12:23:16"}
{"level":"info","message":"User 169c6f72-aade-4447-9659-6f10e0de37f4 voted downvote on post 29c2e8e3-5692-40d5-959a-70af3829b8d9","timestamp":"2026-02-18 12:23:17"}
{"level":"info","message":"User 169c6f72-aade-4447-9659-6f10e0de37f4 removed vote from post 29c2e8e3-5692-40d5-959a-70af3829b8d9","timestamp":"2026-02-18 12:23:17"}
{"level":"info","message":"User 169c6f72-aade-4447-9659-6f10e0de37f4 voted downvote on post 29c2e8e3-5692-40d5-959a-70af3829b8d9","timestamp":"2026-02-18 12:23:21"}
{"level":"info","message":"User 169c6f72-aade-4447-9659-6f10e0de37f4 removed vote from post 29c2e8e3-5692-40d5-959a-70af3829b8d9","timestamp":"2026-02-18 12:23:22"}
{"level":"info","message":"Created new reel for user 169c6f72-aade-4447-9659-6f10e0de37f4","timestamp":"2026-02-18 12:24:51"}
{"level":"info","message":"User 169c6f72-aade-4447-9659-6f10e0de37f4 voted upvote on reel 2cde5d71-871c-4f10-9813-cdad19652020","timestamp":"2026-02-18 12:25:21"}
{"level":"info","message":"User 169c6f72-aade-4447-9659-6f10e0de37f4 removed vote from reel 2cde5d71-871c-4f10-9813-cdad19652020","timestamp":"2026-02-18 12:25:22"}
{"level":"info","message":"User 169c6f72-aade-4447-9659-6f10e0de37f4 voted downvote on reel 2cde5d71-871c-4f10-9813-cdad19652020","timestamp":"2026-02-18 12:25:23"}
{"level":"info","message":"User 169c6f72-aade-4447-9659-6f10e0de37f4 removed vote from reel 2cde5d71-871c-4f10-9813-cdad19652020","timestamp":"2026-02-18 12:25:23"}
{"level":"info","message":"User 169c6f72-aade-4447-9659-6f10e0de37f4 voted upvote on reel 2cde5d71-871c-4f10-9813-cdad19652020","timestamp":"2026-02-18 12:25:24"}
{"level":"info","message":"User 169c6f72-aade-4447-9659-6f10e0de37f4 removed vote from reel 2cde5d71-871c-4f10-9813-cdad19652020","timestamp":"2026-02-18 12:25:25"}
{"level":"info","message":"User 169c6f72-aade-4447-9659-6f10e0de37f4 voted upvote on reel 2cde5d71-871c-4f10-9813-cdad19652020","timestamp":"2026-02-18 12:26:37"}
{"level":"info","message":"User 169c6f72-aade-4447-9659-6f10e0de37f4 voted upvote on post 29c2e8e3-5692-40d5-959a-70af3829b8d9","timestamp":"2026-02-18 12:32:33"}
{"level":"info","message":"Recorded view for reel 2cde5d71-871c-4f10-9813-cdad19652020 by user 169c6f72-aade-4447-9659-6f10e0de37f4","timestamp":"2026-02-18 12:33:02"}
{"level":"info","message":"Recorded view for reel 2cde5d71-871c-4f10-9813-cdad19652020 by user 169c6f72-aade-4447-9659-6f10e0de37f4","timestamp":"2026-02-18 12:33:13"}
{"level":"info","message":"Recorded view for reel 2cde5d71-871c-4f10-9813-cdad19652020 by user 169c6f72-aade-4447-9659-6f10e0de37f4","timestamp":"2026-02-18 12:33:15"}
{"level":"info","message":"Recorded view for reel 2cde5d71-871c-4f10-9813-cdad19652020 by user 169c6f72-aade-4447-9659-6f10e0de37f4","timestamp":"2026-02-18 12:33:24"}
{"level":"info","message":"User 169c6f72-aade-4447-9659-6f10e0de37f4 removed vote from reel 2cde5d71-871c-4f10-9813-cdad19652020","timestamp":"2026-02-18 12:33:52"}
{"level":"info","message":"User 169c6f72-aade-4447-9659-6f10e0de37f4 voted downvote on reel 2cde5d71-871c-4f10-9813-cdad19652020","timestamp":"2026-02-18 12:33:55"}
{"level":"info","message":"User 169c6f72-aade-4447-9659-6f10e0de37f4 removed vote from reel 2cde5d71-871c-4f10-9813-cdad19652020","timestamp":"2026-02-18 12:33:56"}
{"level":"info","message":"User 169c6f72-aade-4447-9659-6f10e0de37f4 voted upvote on reel 2cde5d71-871c-4f10-9813-cdad19652020","timestamp":"2026-02-18 12:33:57"}
{"level":"info","message":"User 169c6f72-aade-4447-9659-6f10e0de37f4 removed vote from reel 2cde5d71-871c-4f10-9813-cdad19652020","timestamp":"2026-02-18 12:33:57"}
{"level":"info","message":"Recorded view for reel 2cde5d71-871c-4f10-9813-cdad19652020 by user 169c6f72-aade-4447-9659-6f10e0de37f4","timestamp":"2026-02-18 12:34:30"}
{"level":"info","message":"Recorded view for reel 2cde5d71-871c-4f10-9813-cdad19652020 by user 169c6f72-aade-4447-9659-6f10e0de37f4","timestamp":"2026-02-18 12:34:58"}
{"level":"info","message":"User 169c6f72-aade-4447-9659-6f10e0de37f4 voted downvote on reel 2cde5d71-871c-4f10-9813-cdad19652020","timestamp":"2026-02-18 12:37:11"}
{"level":"info","message":"User 169c6f72-aade-4447-9659-6f10e0de37f4 removed vote from reel 2cde5d71-871c-4f10-9813-cdad19652020","timestamp":"2026-02-18 12:37:12"}
{"level":"info","message":"User 169c6f72-aade-4447-9659-6f10e0de37f4 voted upvote on reel 2cde5d71-871c-4f10-9813-cdad19652020","timestamp":"2026-02-18 12:37:13"}
{"level":"info","message":"User 169c6f72-aade-4447-9659-6f10e0de37f4 removed vote from reel 2cde5d71-871c-4f10-9813-cdad19652020","timestamp":"2026-02-18 12:37:14"}
{"level":"info","message":"User 169c6f72-aade-4447-9659-6f10e0de37f4 voted downvote on reel 2cde5d71-871c-4f10-9813-cdad19652020","timestamp":"2026-02-18 12:38:00"}
{"level":"info","message":"User 169c6f72-aade-4447-9659-6f10e0de37f4 removed vote from reel 2cde5d71-871c-4f10-9813-cdad19652020","timestamp":"2026-02-18 12:38:00"}
{"level":"info","message":"User 169c6f72-aade-4447-9659-6f10e0de37f4 voted upvote on reel 2cde5d71-871c-4f10-9813-cdad19652020","timestamp":"2026-02-18 12:38:01"}
{"level":"info","message":"User 169c6f72-aade-4447-9659-6f10e0de37f4 removed vote from reel 2cde5d71-871c-4f10-9813-cdad19652020","timestamp":"2026-02-18 12:38:01"}
{"level":"info","message":"User 169c6f72-aade-4447-9659-6f10e0de37f4 voted upvote on reel 2cde5d71-871c-4f10-9813-cdad19652020","timestamp":"2026-02-18 12:42:57"}
{"level":"info","message":"User 169c6f72-aade-4447-9659-6f10e0de37f4 removed vote from reel 2cde5d71-871c-4f10-9813-cdad19652020","timestamp":"2026-02-18 12:42:59"}
{"level":"info","message":"User 169c6f72-aade-4447-9659-6f10e0de37f4 voted upvote on reel 2cde5d71-871c-4f10-9813-cdad19652020","timestamp":"2026-02-18 12:43:08"}
{"level":"info","message":"User 169c6f72-aade-4447-9659-6f10e0de37f4 removed vote from reel 2cde5d71-871c-4f10-9813-cdad19652020","timestamp":"2026-02-18 12:43:08"}
{"level":"info","message":"User 169c6f72-aade-4447-9659-6f10e0de37f4 voted upvote on reel 2cde5d71-871c-4f10-9813-cdad19652020","timestamp":"2026-02-18 12:45:09"}
{"level":"info","message":"User 169c6f72-aade-4447-9659-6f10e0de37f4 removed vote from reel 2cde5d71-871c-4f10-9813-cdad19652020","timestamp":"2026-02-18 12:45:10"}
{"level":"info","message":"User 169c6f72-aade-4447-9659-6f10e0de37f4 voted downvote on reel 2cde5d71-871c-4f10-9813-cdad19652020","timestamp":"2026-02-18 12:45:10"}
{"level":"info","message":"User 169c6f72-aade-4447-9659-6f10e0de37f4 removed vote from reel 2cde5d71-871c-4f10-9813-cdad19652020","timestamp":"2026-02-18 12:45:12"}
{"level":"info","message":"User 169c6f72-aade-4447-9659-6f10e0de37f4 voted upvote on reel 2cde5d71-871c-4f10-9813-cdad19652020","timestamp":"2026-02-18 12:45:50"}
{"level":"info","message":"User 169c6f72-aade-4447-9659-6f10e0de37f4 removed vote from reel 2cde5d71-871c-4f10-9813-cdad19652020","timestamp":"2026-02-18 12:45:51"}
{"level":"info","message":"User 169c6f72-aade-4447-9659-6f10e0de37f4 voted downvote on reel 2cde5d71-871c-4f10-9813-cdad19652020","timestamp":"2026-02-18 12:45:51"}
{"level":"info","message":"User 169c6f72-aade-4447-9659-6f10e0de37f4 removed vote from reel 2cde5d71-871c-4f10-9813-cdad19652020","timestamp":"2026-02-18 12:45:52"}
{"level":"info","message":"User 169c6f72-aade-4447-9659-6f10e0de37f4 voted upvote on reel 2cde5d71-871c-4f10-9813-cdad19652020","timestamp":"2026-02-18 12:47:01"}
{"level":"info","message":"User 169c6f72-aade-4447-9659-6f10e0de37f4 removed vote from reel 2cde5d71-871c-4f10-9813-cdad19652020","timestamp":"2026-02-18 12:47:02"}
{"level":"info","message":"Added comment to reel 2cde5d71-871c-4f10-9813-cdad19652020 by user 169c6f72-aade-4447-9659-6f10e0de37f4","timestamp":"2026-02-18 12:47:12"}
{"level":"error","message":"Error getting votes: invalid input syntax for type uuid: \"8w3rkv2omtd\"","timestamp":"2026-02-18 12:47:12"}
{"level":"error","message":"Error getting votes: invalid input syntax for type uuid: \"8w3rkv2omtd\"","timestamp":"2026-02-18 12:47:13"}
{"level":"error","message":"Error adding vote: invalid input syntax for type uuid: \"8w3rkv2omtd\"","timestamp":"2026-02-18 12:47:13"}
{"level":"error","message":"Error getting votes: invalid input syntax for type uuid: \"8w3rkv2omtd\"","timestamp":"2026-02-18 12:47:15"}
{"level":"error","message":"Error adding vote: invalid input syntax for type uuid: \"8w3rkv2omtd\"","timestamp":"2026-02-18 12:47:15"}
{"level":"error","message":"Error getting votes: invalid input syntax for type uuid: \"8w3rkv2omtd\"","timestamp":"2026-02-18 12:47:20"}
{"level":"info","message":"User 169c6f72-aade-4447-9659-6f10e0de37f4 voted upvote on comment fce15e4a-b851-4483-9bc8-93522d364d4d","timestamp":"2026-02-18 12:47:20"}
{"level":"info","message":"User 169c6f72-aade-4447-9659-6f10e0de37f4 voted downvote on comment fce15e4a-b851-4483-9bc8-93522d364d4d","timestamp":"2026-02-18 12:47:21"}
{"level":"info","message":"User 169c6f72-aade-4447-9659-6f10e0de37f4 voted upvote on comment fce15e4a-b851-4483-9bc8-93522d364d4d","timestamp":"2026-02-18 12:47:22"}
{"level":"info","message":"Recorded view for reel 2cde5d71-871c-4f10-9813-cdad19652020 by user 169c6f72-aade-4447-9659-6f10e0de37f4","timestamp":"2026-02-18 12:47:49"}
{"level":"info","message":"User 169c6f72-aade-4447-9659-6f10e0de37f4 removed vote from post 29c2e8e3-5692-40d5-959a-70af3829b8d9","timestamp":"2026-02-18 12:47:57"}
{"level":"info","message":"Recorded view for reel 2cde5d71-871c-4f10-9813-cdad19652020 by user 169c6f72-aade-4447-9659-6f10e0de37f4","timestamp":"2026-02-18 12:48:21"}
{"level":"info","message":"Recorded view for reel 2cde5d71-871c-4f10-9813-cdad19652020 by user 169c6f72-aade-4447-9659-6f10e0de37f4","timestamp":"2026-02-18 12:48:56"}
{"level":"info","message":"User 169c6f72-aade-4447-9659-6f10e0de37f4 voted upvote on story c3ad0e8e-ab6f-4f3c-9caf-3bcd3608fdf6","timestamp":"2026-02-18 12:49:06"}
{"level":"info","message":"User 169c6f72-aade-4447-9659-6f10e0de37f4 voted downvote on story c3ad0e8e-ab6f-4f3c-9caf-3bcd3608fdf6","timestamp":"2026-02-18 12:49:07"}
{"level":"info","message":"User 169c6f72-aade-4447-9659-6f10e0de37f4 voted upvote on story c3ad0e8e-ab6f-4f3c-9caf-3bcd3608fdf6","timestamp":"2026-02-18 12:49:08"}
{"level":"info","message":"Recorded view for reel 2cde5d71-871c-4f10-9813-cdad19652020 by user 169c6f72-aade-4447-9659-6f10e0de37f4","timestamp":"2026-02-18 12:52:24"}
{"level":"info","message":"User 169c6f72-aade-4447-9659-6f10e0de37f4 voted downvote on story c3ad0e8e-ab6f-4f3c-9caf-3bcd3608fdf6","timestamp":"2026-02-18 12:53:28"}
{"level":"info","message":"User 169c6f72-aade-4447-9659-6f10e0de37f4 voted upvote on story c3ad0e8e-ab6f-4f3c-9caf-3bcd3608fdf6","timestamp":"2026-02-18 12:53:30"}
{"level":"info","message":"User 169c6f72-aade-4447-9659-6f10e0de37f4 voted downvote on comment fce15e4a-b851-4483-9bc8-93522d364d4d","timestamp":"2026-02-18 12:53:41"}
{"level":"info","message":"User 169c6f72-aade-4447-9659-6f10e0de37f4 voted upvote on comment fce15e4a-b851-4483-9bc8-93522d364d4d","timestamp":"2026-02-18 12:53:42"}
{"level":"info","message":"Recorded view for reel 2cde5d71-871c-4f10-9813-cdad19652020 by user 169c6f72-aade-4447-9659-6f10e0de37f4","timestamp":"2026-02-18 12:55:17"}
{"level":"info","message":"User 169c6f72-aade-4447-9659-6f10e0de37f4 voted downvote on reel 2cde5d71-871c-4f10-9813-cdad19652020","timestamp":"2026-02-18 13:31:31"}
{"level":"info","message":"User 169c6f72-aade-4447-9659-6f10e0de37f4 voted upvote on reel 2cde5d71-871c-4f10-9813-cdad19652020","timestamp":"2026-02-18 13:31:32"}
{"level":"info","message":"User 169c6f72-aade-4447-9659-6f10e0de37f4 voted downvote on reel 2cde5d71-871c-4f10-9813-cdad19652020","timestamp":"2026-02-18 13:36:26"}
{"level":"info","message":"User 169c6f72-aade-4447-9659-6f10e0de37f4 voted upvote on reel 2cde5d71-871c-4f10-9813-cdad19652020","timestamp":"2026-02-18 13:36:27"}
{"level":"info","message":"User 169c6f72-aade-4447-9659-6f10e0de37f4 removed vote from reel 2cde5d71-871c-4f10-9813-cdad19652020","timestamp":"2026-02-18 13:36:28"}
{"level":"info","message":"Recorded view for reel 2cde5d71-871c-4f10-9813-cdad19652020 by user 169c6f72-aade-4447-9659-6f10e0de37f4","timestamp":"2026-02-18 13:50:31"}
{"level":"info","message":"Recorded view for reel 2cde5d71-871c-4f10-9813-cdad19652020 by user 169c6f72-aade-4447-9659-6f10e0de37f4","timestamp":"2026-02-18 13:58:51"}
{"level":"info","message":"User 169c6f72-aade-4447-9659-6f10e0de37f4 voted upvote on reel 2cde5d71-871c-4f10-9813-cdad19652020","timestamp":"2026-02-18 14:01:17"}
{"level":"info","message":"User 169c6f72-aade-4447-9659-6f10e0de37f4 voted upvote on reel 2cde5d71-871c-4f10-9813-cdad19652020","timestamp":"2026-02-18 14:01:17"}
{"level":"info","message":"User 169c6f72-aade-4447-9659-6f10e0de37f4 voted downvote on reel 2cde5d71-871c-4f10-9813-cdad19652020","timestamp":"2026-02-18 14:01:17"}
{"level":"info","message":"User 169c6f72-aade-4447-9659-6f10e0de37f4 voted upvote on reel 2cde5d71-871c-4f10-9813-cdad19652020","timestamp":"2026-02-18 14:01:17"}
{"level":"info","message":"User 169c6f72-aade-4447-9659-6f10e0de37f4 voted upvote on reel 2cde5d71-871c-4f10-9813-cdad19652020","timestamp":"2026-02-18 14:01:17"}
{"level":"info","message":"User 169c6f72-aade-4447-9659-6f10e0de37f4 voted upvote on reel 2cde5d71-871c-4f10-9813-cdad19652020","timestamp":"2026-02-18 14:01:17"}
{"level":"info","message":"User 169c6f72-aade-4447-9659-6f10e0de37f4 voted downvote on reel 2cde5d71-871c-4f10-9813-cdad19652020","timestamp":"2026-02-18 14:01:17"}
{"level":"info","message":"User 169c6f72-aade-4447-9659-6f10e0de37f4 voted upvote on reel 2cde5d71-871c-4f10-9813-cdad19652020","timestamp":"2026-02-18 14:01:19"}
{"level":"info","message":"User 169c6f72-aade-4447-9659-6f10e0de37f4 removed vote from reel 2cde5d71-871c-4f10-9813-cdad19652020","timestamp":"2026-02-18 14:01:23"}
{"level":"info","message":"User 169c6f72-aade-4447-9659-6f10e0de37f4 voted upvote on reel 2cde5d71-871c-4f10-9813-cdad19652020","timestamp":"2026-02-18 14:01:23"}
{"level":"info","message":"User 169c6f72-aade-4447-9659-6f10e0de37f4 voted upvote on reel 2cde5d71-871c-4f10-9813-cdad19652020","timestamp":"2026-02-18 14:01:23"}
{"level":"info","message":"Recorded view for reel 2cde5d71-871c-4f10-9813-cdad19652020 by user 169c6f72-aade-4447-9659-6f10e0de37f4","timestamp":"2026-02-18 14:01:31"}
{"level":"info","message":"Recorded view for reel 2cde5d71-871c-4f10-9813-cdad19652020 by user 169c6f72-aade-4447-9659-6f10e0de37f4","timestamp":"2026-02-18 14:01:37"}
{"level":"info","message":"Recorded view for reel 2cde5d71-871c-4f10-9813-cdad19652020 by user 169c6f72-aade-4447-9659-6f10e0de37f4","timestamp":"2026-02-18 14:04:29"}
{"level":"error","message":"Error getting votes: Connection terminated due to connection timeout","timestamp":"2026-02-18 14:08:37"}
{"level":"info","message":"User 169c6f72-aade-4447-9659-6f10e0de37f4 removed vote from reel 2cde5d71-871c-4f10-9813-cdad19652020","timestamp":"2026-02-18 14:09:13"}
{"level":"info","message":"User 169c6f72-aade-4447-9659-6f10e0de37f4 voted upvote on reel 2cde5d71-871c-4f10-9813-cdad19652020","timestamp":"2026-02-18 14:09:14"}
{"level":"info","message":"User 169c6f72-aade-4447-9659-6f10e0de37f4 voted downvote on reel 2cde5d71-871c-4f10-9813-cdad19652020","timestamp":"2026-02-18 14:09:16"}
{"level":"info","message":"User 169c6f72-aade-4447-9659-6f10e0de37f4 voted upvote on reel 2cde5d71-871c-4f10-9813-cdad19652020","timestamp":"2026-02-18 14:09:19"}
{"level":"info","message":"User 169c6f72-aade-4447-9659-6f10e0de37f4 removed vote from reel 2cde5d71-871c-4f10-9813-cdad19652020","timestamp":"2026-02-18 14:09:20"}
{"level":"info","message":"User 169c6f72-aade-4447-9659-6f10e0de37f4 voted downvote on reel 2cde5d71-871c-4f10-9813-cdad19652020","timestamp":"2026-02-18 14:09:21"}
{"level":"info","message":"User 169c6f72-aade-4447-9659-6f10e0de37f4 removed vote from reel 2cde5d71-871c-4f10-9813-cdad19652020","timestamp":"2026-02-18 14:09:21"}
{"level":"info","message":"Recorded view for reel 2cde5d71-871c-4f10-9813-cdad19652020 by user 169c6f72-aade-4447-9659-6f10e0de37f4","timestamp":"2026-02-18 14:12:20"}
{"level":"info","message":"Recorded view for reel 2cde5d71-871c-4f10-9813-cdad19652020 by user 169c6f72-aade-4447-9659-6f10e0de37f4","timestamp":"2026-02-18 14:12:25"}
{"level":"info","message":"Recorded view for reel 2cde5d71-871c-4f10-9813-cdad19652020 by user 169c6f72-aade-4447-9659-6f10e0de37f4","timestamp":"2026-02-18 14:13:48"}
{"level":"info","message":"Recorded view for reel 2cde5d71-871c-4f10-9813-cdad19652020 by user 169c6f72-aade-4447-9659-6f10e0de37f4","timestamp":"2026-02-18 14:14:14"}
{"level":"info","message":"User 169c6f72-aade-4447-9659-6f10e0de37f4 voted downvote on post 29c2e8e3-5692-40d5-959a-70af3829b8d9","timestamp":"2026-02-18 14:35:26"}
{"level":"info","message":"User 169c6f72-aade-4447-9659-6f10e0de37f4 voted upvote on post 29c2e8e3-5692-40d5-959a-70af3829b8d9","timestamp":"2026-02-18 14:35:27"}
{"level":"info","message":"User 169c6f72-aade-4447-9659-6f10e0de37f4 removed vote from post 29c2e8e3-5692-40d5-959a-70af3829b8d9","timestamp":"2026-02-18 14:35:28"}
{"level":"info","message":"User 169c6f72-aade-4447-9659-6f10e0de37f4 voted upvote on post 29c2e8e3-5692-40d5-959a-70af3829b8d9","timestamp":"2026-02-18 14:56:00"}
{"level":"info","message":"User 169c6f72-aade-4447-9659-6f10e0de37f4 voted upvote on reel 2cde5d71-871c-4f10-9813-cdad19652020","timestamp":"2026-02-18 14:56:11"}
{"level":"info","message":"Recorded view for reel 2cde5d71-871c-4f10-9813-cdad19652020 by user 169c6f72-aade-4447-9659-6f10e0de37f4","timestamp":"2026-02-18 14:56:24"}
{"level":"info","message":"Recorded view for reel 2cde5d71-871c-4f10-9813-cdad19652020 by user 169c6f72-aade-4447-9659-6f10e0de37f4","timestamp":"2026-02-18 14:56:31"}
{"level":"info","message":"Recorded view for reel 2cde5d71-871c-4f10-9813-cdad19652020 by user 169c6f72-aade-4447-9659-6f10e0de37f4","timestamp":"2026-02-18 14:56:38"}
{"level":"info","message":"Recorded view for reel 2cde5d71-871c-4f10-9813-cdad19652020 by user 169c6f72-aade-4447-9659-6f10e0de37f4","timestamp":"2026-02-18 14:56:57"}
{"level":"info","message":"Recorded view for reel 2cde5d71-871c-4f10-9813-cdad19652020 by user 169c6f72-aade-4447-9659-6f10e0de37f4","timestamp":"2026-02-18 14:58:34"}
{"level":"info","message":"User 169c6f72-aade-4447-9659-6f10e0de37f4 voted downvote on reel 2cde5d71-871c-4f10-9813-cdad19652020","timestamp":"2026-02-18 14:58:41"}
{"level":"info","message":"User 169c6f72-aade-4447-9659-6f10e0de37f4 removed vote from reel 2cde5d71-871c-4f10-9813-cdad19652020","timestamp":"2026-02-18 14:58:42"}
{"level":"info","message":"User 169c6f72-aade-4447-9659-6f10e0de37f4 voted downvote on reel 2cde5d71-871c-4f10-9813-cdad19652020","timestamp":"2026-02-18 14:58:43"}
{"level":"info","message":"User 169c6f72-aade-4447-9659-6f10e0de37f4 removed vote from reel 2cde5d71-871c-4f10-9813-cdad19652020","timestamp":"2026-02-18 14:58:43"}
{"level":"info","message":"User 169c6f72-aade-4447-9659-6f10e0de37f4 voted downvote on reel 2cde5d71-871c-4f10-9813-cdad19652020","timestamp":"2026-02-18 14:58:44"}
{"level":"info","message":"User 169c6f72-aade-4447-9659-6f10e0de37f4 voted upvote on reel 2cde5d71-871c-4f10-9813-cdad19652020","timestamp":"2026-02-18 14:58:45"}
{"level":"info","message":"User 169c6f72-aade-4447-9659-6f10e0de37f4 voted downvote on reel 2cde5d71-871c-4f10-9813-cdad19652020","timestamp":"2026-02-18 14:58:46"}
{"level":"info","message":"User 169c6f72-aade-4447-9659-6f10e0de37f4 voted upvote on reel 2cde5d71-871c-4f10-9813-cdad19652020","timestamp":"2026-02-18 14:58:48"}
{"level":"info","message":"User 169c6f72-aade-4447-9659-6f10e0de37f4 voted downvote on reel 2cde5d71-871c-4f10-9813-cdad19652020","timestamp":"2026-02-18 14:58:49"}
{"level":"info","message":"User 169c6f72-aade-4447-9659-6f10e0de37f4 voted upvote on reel 2cde5d71-871c-4f10-9813-cdad19652020","timestamp":"2026-02-18 14:58:53"}
{"level":"info","message":"Recorded view for reel 2cde5d71-871c-4f10-9813-cdad19652020 by user 169c6f72-aade-4447-9659-6f10e0de37f4","timestamp":"2026-02-18 14:59:49"}
{"level":"info","message":"User 169c6f72-aade-4447-9659-6f10e0de37f4 removed vote from reel 2cde5d71-871c-4f10-9813-cdad19652020","timestamp":"2026-02-18 14:59:54"}
{"level":"info","message":"User 169c6f72-aade-4447-9659-6f10e0de37f4 voted upvote on reel 2cde5d71-871c-4f10-9813-cdad19652020","timestamp":"2026-02-18 14:59:55"}
{"level":"info","message":"User 169c6f72-aade-4447-9659-6f10e0de37f4 removed vote from reel 2cde5d71-871c-4f10-9813-cdad19652020","timestamp":"2026-02-18 14:59:57"}
{"level":"info","message":"User 169c6f72-aade-4447-9659-6f10e0de37f4 removed vote from post 29c2e8e3-5692-40d5-959a-70af3829b8d9","timestamp":"2026-02-18 15:02:23"}
{"level":"info","message":"User 169c6f72-aade-4447-9659-6f10e0de37f4 voted upvote on post 29c2e8e3-5692-40d5-959a-70af3829b8d9","timestamp":"2026-02-18 15:02:24"}
{"level":"info","message":"User 169c6f72-aade-4447-9659-6f10e0de37f4 voted downvote on post 29c2e8e3-5692-40d5-959a-70af3829b8d9","timestamp":"2026-02-18 15:02:26"}
{"level":"info","message":"User 169c6f72-aade-4447-9659-6f10e0de37f4 voted upvote on post 29c2e8e3-5692-40d5-959a-70af3829b8d9","timestamp":"2026-02-18 15:02:27"}
{"level":"info","message":"User 169c6f72-aade-4447-9659-6f10e0de37f4 removed vote from post 29c2e8e3-5692-40d5-959a-70af3829b8d9","timestamp":"2026-02-18 15:02:28"}
{"level":"info","message":"User 169c6f72-aade-4447-9659-6f10e0de37f4 voted downvote on post 29c2e8e3-5692-40d5-959a-70af3829b8d9","timestamp":"2026-02-18 15:02:31"}
{"level":"info","message":"User 169c6f72-aade-4447-9659-6f10e0de37f4 removed vote from post 29c2e8e3-5692-40d5-959a-70af3829b8d9","timestamp":"2026-02-18 15:02:32"}
{"level":"info","message":"Recorded view for reel 2cde5d71-871c-4f10-9813-cdad19652020 by user 169c6f72-aade-4447-9659-6f10e0de37f4","timestamp":"2026-02-18 15:07:51"}
{"level":"info","message":"Recorded view for reel 2cde5d71-871c-4f10-9813-cdad19652020 by user 169c6f72-aade-4447-9659-6f10e0de37f4","timestamp":"2026-02-18 15:19:43"}
{"level":"info","message":"Recorded view for reel 2cde5d71-871c-4f10-9813-cdad19652020 by user 169c6f72-aade-4447-9659-6f10e0de37f4","timestamp":"2026-02-18 15:21:10"}
{"level":"info","message":"Recorded view for reel 2cde5d71-871c-4f10-9813-cdad19652020 by user 169c6f72-aade-4447-9659-6f10e0de37f4","timestamp":"2026-02-18 15:22:32"}
{"level":"info","message":"Recorded view for reel 2cde5d71-871c-4f10-9813-cdad19652020 by user 169c6f72-aade-4447-9659-6f10e0de37f4","timestamp":"2026-02-18 15:42:29"}
{"level":"info","message":"Recorded view for reel 2cde5d71-871c-4f10-9813-cdad19652020 by user 169c6f72-aade-4447-9659-6f10e0de37f4","timestamp":"2026-02-18 15:42:43"}
{"level":"info","message":"Recorded view for reel 2cde5d71-871c-4f10-9813-cdad19652020 by user 169c6f72-aade-4447-9659-6f10e0de37f4","timestamp":"2026-02-18 15:42:47"}
{"level":"info","message":"User 169c6f72-aade-4447-9659-6f10e0de37f4 voted upvote on reel 2cde5d71-871c-4f10-9813-cdad19652020","timestamp":"2026-02-18 15:43:11"}
{"level":"info","message":"User 169c6f72-aade-4447-9659-6f10e0de37f4 removed vote from reel 2cde5d71-871c-4f10-9813-cdad19652020","timestamp":"2026-02-18 15:43:13"}
{"level":"info","message":"User 169c6f72-aade-4447-9659-6f10e0de37f4 voted upvote on reel 2cde5d71-871c-4f10-9813-cdad19652020","timestamp":"2026-02-18 15:43:13"}
{"level":"info","message":"User 169c6f72-aade-4447-9659-6f10e0de37f4 removed vote from reel 2cde5d71-871c-4f10-9813-cdad19652020","timestamp":"2026-02-18 15:43:14"}
{"level":"info","message":"User 169c6f72-aade-4447-9659-6f10e0de37f4 voted upvote on post 29c2e8e3-5692-40d5-959a-70af3829b8d9","timestamp":"2026-02-18 15:48:31"}
{"level":"info","message":"User 169c6f72-aade-4447-9659-6f10e0de37f4 voted downvote on post 29c2e8e3-5692-40d5-959a-70af3829b8d9","timestamp":"2026-02-18 15:48:34"}
{"level":"info","message":"User 169c6f72-aade-4447-9659-6f10e0de37f4 voted upvote on post 29c2e8e3-5692-40d5-959a-70af3829b8d9","timestamp":"2026-02-18 15:48:42"}
{"level":"info","message":"Recorded view for reel 2cde5d71-871c-4f10-9813-cdad19652020 by user 169c6f72-aade-4447-9659-6f10e0de37f4","timestamp":"2026-02-18 15:48:52"}
{"level":"info","message":"Recorded view for reel 2cde5d71-871c-4f10-9813-cdad19652020 by user 169c6f72-aade-4447-9659-6f10e0de37f4","timestamp":"2026-02-18 15:51:50"}
{"level":"info","message":"Recorded view for reel 2cde5d71-871c-4f10-9813-cdad19652020 by user 169c6f72-aade-4447-9659-6f10e0de37f4","timestamp":"2026-02-18 15:51:52"}
{"level":"info","message":"Recorded view for reel 2cde5d71-871c-4f10-9813-cdad19652020 by user 169c6f72-aade-4447-9659-6f10e0de37f4","timestamp":"2026-02-18 15:51:57"}
{"level":"info","message":"Recorded view for reel 2cde5d71-871c-4f10-9813-cdad19652020 by user 169c6f72-aade-4447-9659-6f10e0de37f4","timestamp":"2026-02-18 15:52:02"}
{"level":"info","message":"Recorded view for reel 2cde5d71-871c-4f10-9813-cdad19652020 by user 169c6f72-aade-4447-9659-6f10e0de37f4","timestamp":"2026-02-18 15:53:12"}
{"level":"info","message":"Recorded view for reel 2cde5d71-871c-4f10-9813-cdad19652020 by user 169c6f72-aade-4447-9659-6f10e0de37f4","timestamp":"2026-02-18 15:55:32"}
